[0.359s] DEBUG:colcon:Command line arguments: ['/usr/bin/colcon', 'build', '--symlink-install', '--packages-select', 'face_pkg']
[0.359s] DEBUG:colcon:Parsed command line arguments: Namespace(ament_cmake_args=None, base_paths=['.'], build_base='build', catkin_cmake_args=None, catkin_skip_building_tests=False, cmake_args=None, cmake_clean_cache=False, cmake_clean_first=False, cmake_force_configure=False, cmake_target=None, cmake_target_skip_unavailable=False, continue_on_error=False, event_handlers=None, executor='parallel', ignore_user_meta=False, install_base='install', log_base=None, log_level=None, main=<bound method BuildVerb.main of <colcon_core.verb.build.BuildVerb object at 0x7f31e0de5fd0>>, merge_install=False, metas=['./colcon.meta'], packages_above=None, packages_above_and_dependencies=None, packages_above_depth=None, packages_end=None, packages_ignore=None, packages_ignore_regex=None, packages_select=['face_pkg'], packages_select_build_failed=False, packages_select_by_dep=None, packages_select_regex=None, packages_select_test_failures=False, packages_skip=None, packages_skip_build_finished=False, packages_skip_by_dep=None, packages_skip_regex=None, packages_skip_test_passed=False, packages_skip_up_to=None, packages_start=None, packages_up_to=None, packages_up_to_regex=None, parallel_workers=8, paths=None, symlink_install=True, test_result_base=None, verb_extension=<colcon_core.verb.build.BuildVerb object at 0x7f31e0de5fd0>, verb_name='build', verb_parser=<colcon_defaults.argument_parser.defaults.DefaultArgumentsDecorator object at 0x7f31e069d630>)
[0.365s] Level 1:colcon.colcon_core.package_discovery:discover_packages(colcon_meta) check parameters
[0.365s] Level 1:colcon.colcon_core.package_discovery:discover_packages(recursive) check parameters
[0.365s] Level 1:colcon.colcon_core.package_discovery:discover_packages(ignore) check parameters
[0.365s] Level 1:colcon.colcon_core.package_discovery:discover_packages(path) check parameters
[0.365s] Level 1:colcon.colcon_core.package_discovery:discover_packages(colcon_meta) discover
[0.365s] Level 1:colcon.colcon_core.package_discovery:discover_packages(recursive) discover
[0.365s] INFO:colcon.colcon_core.package_discovery:Crawling recursively for packages in '/home/piai/robot_ws'
[0.366s] Level 1:colcon.colcon_core.package_identification:_identify(.) by extensions ['ignore', 'ignore_ament_install']
[0.366s] Level 1:colcon.colcon_core.package_identification:_identify(.) by extension 'ignore'
[0.366s] Level 1:colcon.colcon_core.package_identification:_identify(.) by extension 'ignore_ament_install'
[0.366s] Level 1:colcon.colcon_core.package_identification:_identify(.) by extensions ['colcon_pkg']
[0.366s] Level 1:colcon.colcon_core.package_identification:_identify(.) by extension 'colcon_pkg'
[0.366s] Level 1:colcon.colcon_core.package_identification:_identify(.) by extensions ['colcon_meta']
[0.366s] Level 1:colcon.colcon_core.package_identification:_identify(.) by extension 'colcon_meta'
[0.366s] Level 1:colcon.colcon_core.package_identification:_identify(.) by extensions ['ros']
[0.366s] Level 1:colcon.colcon_core.package_identification:_identify(.) by extension 'ros'
[0.453s] Level 1:colcon.colcon_core.package_identification:_identify(.) by extensions ['cmake', 'python']
[0.453s] Level 1:colcon.colcon_core.package_identification:_identify(.) by extension 'cmake'
[0.453s] Level 1:colcon.colcon_core.package_identification:_identify(.) by extension 'python'
[0.453s] Level 1:colcon.colcon_core.package_identification:_identify(.) by extensions ['python_setup_py']
[0.453s] Level 1:colcon.colcon_core.package_identification:_identify(.) by extension 'python_setup_py'
[0.453s] Level 1:colcon.colcon_core.package_identification:_identify(build) by extensions ['ignore', 'ignore_ament_install']
[0.453s] Level 1:colcon.colcon_core.package_identification:_identify(build) by extension 'ignore'
[0.453s] Level 1:colcon.colcon_core.package_identification:_identify(build) ignored
[0.454s] Level 1:colcon.colcon_core.package_identification:_identify(install) by extensions ['ignore', 'ignore_ament_install']
[0.454s] Level 1:colcon.colcon_core.package_identification:_identify(install) by extension 'ignore'
[0.454s] Level 1:colcon.colcon_core.package_identification:_identify(install) ignored
[0.454s] Level 1:colcon.colcon_core.package_identification:_identify(log) by extensions ['ignore', 'ignore_ament_install']
[0.454s] Level 1:colcon.colcon_core.package_identification:_identify(log) by extension 'ignore'
[0.454s] Level 1:colcon.colcon_core.package_identification:_identify(log) ignored
[0.454s] Level 1:colcon.colcon_core.package_identification:_identify(src) by extensions ['ignore', 'ignore_ament_install']
[0.454s] Level 1:colcon.colcon_core.package_identification:_identify(src) by extension 'ignore'
[0.455s] Level 1:colcon.colcon_core.package_identification:_identify(src) by extension 'ignore_ament_install'
[0.455s] Level 1:colcon.colcon_core.package_identification:_identify(src) by extensions ['colcon_pkg']
[0.455s] Level 1:colcon.colcon_core.package_identification:_identify(src) by extension 'colcon_pkg'
[0.455s] Level 1:colcon.colcon_core.package_identification:_identify(src) by extensions ['colcon_meta']
[0.455s] Level 1:colcon.colcon_core.package_identification:_identify(src) by extension 'colcon_meta'
[0.455s] Level 1:colcon.colcon_core.package_identification:_identify(src) by extensions ['ros']
[0.455s] Level 1:colcon.colcon_core.package_identification:_identify(src) by extension 'ros'
[0.455s] Level 1:colcon.colcon_core.package_identification:_identify(src) by extensions ['cmake', 'python']
[0.455s] Level 1:colcon.colcon_core.package_identification:_identify(src) by extension 'cmake'
[0.455s] Level 1:colcon.colcon_core.package_identification:_identify(src) by extension 'python'
[0.455s] Level 1:colcon.colcon_core.package_identification:_identify(src) by extensions ['python_setup_py']
[0.455s] Level 1:colcon.colcon_core.package_identification:_identify(src) by extension 'python_setup_py'
[0.455s] Level 1:colcon.colcon_core.package_identification:_identify(src/face_pkg) by extensions ['ignore', 'ignore_ament_install']
[0.455s] Level 1:colcon.colcon_core.package_identification:_identify(src/face_pkg) by extension 'ignore'
[0.455s] Level 1:colcon.colcon_core.package_identification:_identify(src/face_pkg) by extension 'ignore_ament_install'
[0.455s] Level 1:colcon.colcon_core.package_identification:_identify(src/face_pkg) by extensions ['colcon_pkg']
[0.455s] Level 1:colcon.colcon_core.package_identification:_identify(src/face_pkg) by extension 'colcon_pkg'
[0.455s] Level 1:colcon.colcon_core.package_identification:_identify(src/face_pkg) by extensions ['colcon_meta']
[0.455s] Level 1:colcon.colcon_core.package_identification:_identify(src/face_pkg) by extension 'colcon_meta'
[0.456s] Level 1:colcon.colcon_core.package_identification:_identify(src/face_pkg) by extensions ['ros']
[0.456s] Level 1:colcon.colcon_core.package_identification:_identify(src/face_pkg) by extension 'ros'
[0.458s] DEBUG:colcon.colcon_core.package_identification:Package 'src/face_pkg' with type 'ros.ament_python' and name 'face_pkg'
[0.458s] Level 1:colcon.colcon_core.package_identification:_identify(src/ocr_pkg) by extensions ['ignore', 'ignore_ament_install']
[0.459s] Level 1:colcon.colcon_core.package_identification:_identify(src/ocr_pkg) by extension 'ignore'
[0.459s] Level 1:colcon.colcon_core.package_identification:_identify(src/ocr_pkg) by extension 'ignore_ament_install'
[0.459s] Level 1:colcon.colcon_core.package_identification:_identify(src/ocr_pkg) by extensions ['colcon_pkg']
[0.459s] Level 1:colcon.colcon_core.package_identification:_identify(src/ocr_pkg) by extension 'colcon_pkg'
[0.459s] Level 1:colcon.colcon_core.package_identification:_identify(src/ocr_pkg) by extensions ['colcon_meta']
[0.459s] Level 1:colcon.colcon_core.package_identification:_identify(src/ocr_pkg) by extension 'colcon_meta'
[0.459s] Level 1:colcon.colcon_core.package_identification:_identify(src/ocr_pkg) by extensions ['ros']
[0.459s] Level 1:colcon.colcon_core.package_identification:_identify(src/ocr_pkg) by extension 'ros'
[0.460s] DEBUG:colcon.colcon_core.package_identification:Package 'src/ocr_pkg' with type 'ros.ament_python' and name 'ocr_pkg'
[0.460s] Level 1:colcon.colcon_core.package_identification:_identify(src/tts_pkg) by extensions ['ignore', 'ignore_ament_install']
[0.460s] Level 1:colcon.colcon_core.package_identification:_identify(src/tts_pkg) by extension 'ignore'
[0.460s] Level 1:colcon.colcon_core.package_identification:_identify(src/tts_pkg) by extension 'ignore_ament_install'
[0.460s] Level 1:colcon.colcon_core.package_identification:_identify(src/tts_pkg) by extensions ['colcon_pkg']
[0.460s] Level 1:colcon.colcon_core.package_identification:_identify(src/tts_pkg) by extension 'colcon_pkg'
[0.460s] Level 1:colcon.colcon_core.package_identification:_identify(src/tts_pkg) by extensions ['colcon_meta']
[0.460s] Level 1:colcon.colcon_core.package_identification:_identify(src/tts_pkg) by extension 'colcon_meta'
[0.460s] Level 1:colcon.colcon_core.package_identification:_identify(src/tts_pkg) by extensions ['ros']
[0.460s] Level 1:colcon.colcon_core.package_identification:_identify(src/tts_pkg) by extension 'ros'
[0.461s] DEBUG:colcon.colcon_core.package_identification:Failed to parse potential ROS package manifest in'src/tts_pkg': Error(s) in package 'src/tts_pkg/package.xml':
The manifest contains invalid XML:
XML or text declaration not at start of entity: line 2, column 0
[0.461s] Level 1:colcon.colcon_core.package_identification:_identify(src/tts_pkg) by extensions ['cmake', 'python']
[0.461s] Level 1:colcon.colcon_core.package_identification:_identify(src/tts_pkg) by extension 'cmake'
[0.461s] Level 1:colcon.colcon_core.package_identification:_identify(src/tts_pkg) by extension 'python'
[0.461s] DEBUG:colcon.colcon_core.package_identification:Python package in 'src/tts_pkg' passes arguments to the setup() function which requires a different identification extension than 'python'
[0.461s] Level 1:colcon.colcon_core.package_identification:_identify(src/tts_pkg) by extensions ['python_setup_py']
[0.461s] Level 1:colcon.colcon_core.package_identification:_identify(src/tts_pkg) by extension 'python_setup_py'
[0.792s] DEBUG:colcon.colcon_core.package_identification:Package 'src/tts_pkg' with type 'python' and name 'tts_pkg'
[0.793s] Level 1:colcon.colcon_core.package_discovery:discover_packages(recursive) using defaults
[0.795s] Level 1:colcon.colcon_core.package_discovery:discover_packages(ignore) discover
[0.795s] Level 1:colcon.colcon_core.package_discovery:discover_packages(ignore) using defaults
[0.795s] Level 1:colcon.colcon_core.package_discovery:discover_packages(path) discover
[0.795s] Level 1:colcon.colcon_core.package_discovery:discover_packages(path) using defaults
[0.838s] INFO:colcon.colcon_core.package_selection:Skipping not selected package 'ocr_pkg' in 'src/ocr_pkg'
[0.839s] INFO:colcon.colcon_core.package_selection:Skipping not selected package 'tts_pkg' in 'src/tts_pkg'
[0.842s] Level 5:colcon.colcon_core.verb:set package 'face_pkg' build argument 'cmake_args' from command line to 'None'
[0.843s] Level 5:colcon.colcon_core.verb:set package 'face_pkg' build argument 'cmake_target' from command line to 'None'
[0.843s] Level 5:colcon.colcon_core.verb:set package 'face_pkg' build argument 'cmake_target_skip_unavailable' from command line to 'False'
[0.843s] Level 5:colcon.colcon_core.verb:set package 'face_pkg' build argument 'cmake_clean_cache' from command line to 'False'
[0.843s] Level 5:colcon.colcon_core.verb:set package 'face_pkg' build argument 'cmake_clean_first' from command line to 'False'
[0.843s] Level 5:colcon.colcon_core.verb:set package 'face_pkg' build argument 'cmake_force_configure' from command line to 'False'
[0.843s] Level 5:colcon.colcon_core.verb:set package 'face_pkg' build argument 'ament_cmake_args' from command line to 'None'
[0.843s] Level 5:colcon.colcon_core.verb:set package 'face_pkg' build argument 'catkin_cmake_args' from command line to 'None'
[0.843s] Level 5:colcon.colcon_core.verb:set package 'face_pkg' build argument 'catkin_skip_building_tests' from command line to 'False'
[0.843s] DEBUG:colcon.colcon_core.verb:Building package 'face_pkg' with the following arguments: {'ament_cmake_args': None, 'build_base': '/home/piai/robot_ws/build/face_pkg', 'catkin_cmake_args': None, 'catkin_skip_building_tests': False, 'cmake_args': None, 'cmake_clean_cache': False, 'cmake_clean_first': False, 'cmake_force_configure': False, 'cmake_target': None, 'cmake_target_skip_unavailable': False, 'install_base': '/home/piai/robot_ws/install/face_pkg', 'merge_install': False, 'path': '/home/piai/robot_ws/src/face_pkg', 'symlink_install': True, 'test_result_base': None}
[0.843s] INFO:colcon.colcon_core.executor:Executing jobs using 'parallel' executor
[0.846s] DEBUG:colcon.colcon_parallel_executor.executor.parallel:run_until_complete
[0.846s] INFO:colcon.colcon_ros.task.ament_python.build:Building ROS package in '/home/piai/robot_ws/src/face_pkg' with build type 'ament_python'
[0.847s] Level 1:colcon.colcon_core.shell:create_environment_hook('face_pkg', 'ament_prefix_path')
[0.852s] INFO:colcon.colcon_core.plugin_system:Skipping extension 'colcon_core.shell.bat': Not used on non-Windows systems
[0.853s] INFO:colcon.colcon_core.shell:Creating environment hook '/home/piai/robot_ws/install/face_pkg/share/face_pkg/hook/ament_prefix_path.ps1'
[0.854s] INFO:colcon.colcon_core.shell:Creating environment descriptor '/home/piai/robot_ws/install/face_pkg/share/face_pkg/hook/ament_prefix_path.dsv'
[0.854s] INFO:colcon.colcon_core.shell:Creating environment hook '/home/piai/robot_ws/install/face_pkg/share/face_pkg/hook/ament_prefix_path.sh'
[0.855s] INFO:colcon.colcon_core.shell:Skip shell extension 'powershell' for command environment: Not usable outside of PowerShell
[0.855s] DEBUG:colcon.colcon_core.shell:Skip shell extension 'dsv' for command environment
[0.858s] WARNING:colcon.colcon_ros.prefix_path.ament:The path '/home/piai/robot_ws/install/ocr_tts_pkg' in the environment variable AMENT_PREFIX_PATH doesn't exist
[0.858s] WARNING:colcon.colcon_ros.prefix_path.ament:The path '/home/piai/robot_ws/install/first_tts_pkg' in the environment variable AMENT_PREFIX_PATH doesn't exist
[0.859s] DEBUG:colcon.colcon_core.shell:Ignoring prefix path '/opt/ros/dashing'
[1.301s] INFO:colcon.colcon_core.task.python.build:Building Python package in '/home/piai/robot_ws/src/face_pkg'
[1.305s] INFO:colcon.colcon_core.shell:Skip shell extension 'powershell' for command environment: Not usable outside of PowerShell
[1.306s] DEBUG:colcon.colcon_core.shell:Skip shell extension 'dsv' for command environment
[1.312s] DEBUG:colcon.colcon_core.shell:Ignoring prefix path '/opt/ros/dashing'
[1.326s] DEBUG:colcon.colcon_core.event_handler.log_command:Invoking command in '/home/piai/robot_ws/build/face_pkg': PYTHONPATH=/home/piai/robot_ws/install/face_pkg/lib/python3.6/site-packages:${PYTHONPATH} /usr/bin/python3 setup.py develop --prefix /home/piai/robot_ws/install/face_pkg --editable --build-directory /home/piai/robot_ws/build/face_pkg/build --no-deps install_data --install-dir /home/piai/robot_ws/install/face_pkg
[1.946s] Level 1:colcon.colcon_core.shell:create_environment_hook('face_pkg', 'pythonpath_develop')
[1.948s] INFO:colcon.colcon_core.shell:Creating environment hook '/home/piai/robot_ws/build/face_pkg/share/face_pkg/hook/pythonpath_develop.ps1'
[1.949s] DEBUG:colcon.colcon_core.event_handler.log_command:Invoked command in '/home/piai/robot_ws/build/face_pkg' returned '0': PYTHONPATH=/home/piai/robot_ws/install/face_pkg/lib/python3.6/site-packages:${PYTHONPATH} /usr/bin/python3 setup.py develop --prefix /home/piai/robot_ws/install/face_pkg --editable --build-directory /home/piai/robot_ws/build/face_pkg/build --no-deps install_data --install-dir /home/piai/robot_ws/install/face_pkg
[1.950s] INFO:colcon.colcon_core.shell:Creating environment descriptor '/home/piai/robot_ws/build/face_pkg/share/face_pkg/hook/pythonpath_develop.dsv'
[1.950s] INFO:colcon.colcon_core.shell:Creating environment hook '/home/piai/robot_ws/build/face_pkg/share/face_pkg/hook/pythonpath_develop.sh'
[1.956s] Level 1:colcon.colcon_core.environment:checking '/home/piai/robot_ws/install/face_pkg' for CMake module files
[1.957s] Level 1:colcon.colcon_core.environment:checking '/home/piai/robot_ws/install/face_pkg' for CMake config files
[1.959s] Level 1:colcon.colcon_core.environment:checking '/home/piai/robot_ws/install/face_pkg/lib'
[1.959s] Level 1:colcon.colcon_core.environment:checking '/home/piai/robot_ws/install/face_pkg/bin'
[1.959s] Level 1:colcon.colcon_core.environment:checking '/home/piai/robot_ws/install/face_pkg/lib/pkgconfig/face_pkg.pc'
[1.960s] Level 1:colcon.colcon_core.environment:checking '/home/piai/robot_ws/install/face_pkg/lib/python3.6/site-packages'
[1.960s] Level 1:colcon.colcon_core.shell:create_environment_hook('face_pkg', 'pythonpath')
[1.961s] INFO:colcon.colcon_core.shell:Creating environment hook '/home/piai/robot_ws/install/face_pkg/share/face_pkg/hook/pythonpath.ps1'
[1.961s] INFO:colcon.colcon_core.shell:Creating environment descriptor '/home/piai/robot_ws/install/face_pkg/share/face_pkg/hook/pythonpath.dsv'
[1.962s] INFO:colcon.colcon_core.shell:Creating environment hook '/home/piai/robot_ws/install/face_pkg/share/face_pkg/hook/pythonpath.sh'
[1.962s] Level 1:colcon.colcon_core.environment:create_environment_scripts_only(face_pkg)
[1.964s] INFO:colcon.colcon_core.shell:Creating package script '/home/piai/robot_ws/install/face_pkg/share/face_pkg/package.ps1'
[1.965s] INFO:colcon.colcon_core.shell:Creating package descriptor '/home/piai/robot_ws/install/face_pkg/share/face_pkg/package.dsv'
[1.966s] INFO:colcon.colcon_core.shell:Creating package script '/home/piai/robot_ws/install/face_pkg/share/face_pkg/package.sh'
[1.968s] INFO:colcon.colcon_core.shell:Creating package script '/home/piai/robot_ws/install/face_pkg/share/face_pkg/package.bash'
[1.969s] INFO:colcon.colcon_core.shell:Creating package script '/home/piai/robot_ws/install/face_pkg/share/face_pkg/package.zsh'
[1.970s] Level 1:colcon.colcon_core.environment:create_file_with_runtime_dependencies(/home/piai/robot_ws/install/face_pkg/share/colcon-core/packages/face_pkg)
[1.971s] DEBUG:colcon.colcon_parallel_executor.executor.parallel:closing loop
[1.971s] DEBUG:colcon.colcon_parallel_executor.executor.parallel:loop closed
[1.971s] DEBUG:colcon.colcon_parallel_executor.executor.parallel:run_until_complete finished with '0'
[1.972s] DEBUG:colcon.colcon_core.event_reactor:joining thread
[1.985s] INFO:colcon.colcon_core.plugin_system:Skipping extension 'colcon_notification.desktop_notification.terminal_notifier': Not used on non-Darwin systems
[1.985s] INFO:colcon.colcon_core.plugin_system:Skipping extension 'colcon_notification.desktop_notification.win32': Not used on non-Windows systems
[1.985s] INFO:colcon.colcon_notification.desktop_notification:Sending desktop notification using 'notify2'
[1.991s] DEBUG:colcon.colcon_core.event_reactor:joined thread
[1.992s] INFO:colcon.colcon_core.shell:Creating prefix script '/home/piai/robot_ws/install/local_setup.ps1'
[1.994s] INFO:colcon.colcon_core.shell:Creating prefix util module '/home/piai/robot_ws/install/_local_setup_util_ps1.py'
[1.997s] INFO:colcon.colcon_core.shell:Creating prefix chain script '/home/piai/robot_ws/install/setup.ps1'
[2.002s] INFO:colcon.colcon_core.shell:Creating prefix script '/home/piai/robot_ws/install/local_setup.sh'
[2.003s] INFO:colcon.colcon_core.shell:Creating prefix util module '/home/piai/robot_ws/install/_local_setup_util_sh.py'
[2.004s] INFO:colcon.colcon_core.shell:Creating prefix chain script '/home/piai/robot_ws/install/setup.sh'
[2.009s] INFO:colcon.colcon_core.shell:Creating prefix script '/home/piai/robot_ws/install/local_setup.bash'
[2.009s] INFO:colcon.colcon_core.shell:Creating prefix chain script '/home/piai/robot_ws/install/setup.bash'
[2.014s] INFO:colcon.colcon_core.shell:Creating prefix script '/home/piai/robot_ws/install/local_setup.zsh'
[2.015s] INFO:colcon.colcon_core.shell:Creating prefix chain script '/home/piai/robot_ws/install/setup.zsh'
