running develop
running egg_info
creating nav_pkg.egg-info
writing nav_pkg.egg-info/PKG-INFO
writing dependency_links to nav_pkg.egg-info/dependency_links.txt
writing entry points to nav_pkg.egg-info/entry_points.txt
writing requirements to nav_pkg.egg-info/requires.txt
writing top-level names to nav_pkg.egg-info/top_level.txt
writing manifest file 'nav_pkg.egg-info/SOURCES.txt'
reading manifest file 'nav_pkg.egg-info/SOURCES.txt'
writing manifest file 'nav_pkg.egg-info/SOURCES.txt'
running build_ext
Creating /home/piai/robot_ws_last/install/nav_pkg/lib/python3.6/site-packages/nav-pkg.egg-link (link to .)
Installing face_start_subscriber script to /home/piai/robot_ws_last/install/nav_pkg/lib/nav_pkg
Installing nav_arrive_publisher script to /home/piai/robot_ws_last/install/nav_pkg/lib/nav_pkg

Installed /home/piai/robot_ws_last/build/nav_pkg
running install_data
creating /home/piai/robot_ws_last/install/nav_pkg/share/ament_index
creating /home/piai/robot_ws_last/install/nav_pkg/share/ament_index/resource_index
creating /home/piai/robot_ws_last/install/nav_pkg/share/ament_index/resource_index/packages
copying resource/nav_pkg -> /home/piai/robot_ws_last/install/nav_pkg/share/ament_index/resource_index/packages
copying package.xml -> /home/piai/robot_ws_last/install/nav_pkg/share/nav_pkg
