/home/piai/.local/lib/python3.6/site-packages/setuptools/dist.py:726: UserWarning: Usage of dash-separated 'script-dir' will not be supported in future versions. Please use the underscore name 'script_dir' instead
  % (opt, underscore_opt)
/home/piai/.local/lib/python3.6/site-packages/setuptools/dist.py:726: UserWarning: Usage of dash-separated 'install-scripts' will not be supported in future versions. Please use the underscore name 'install_scripts' instead
  % (opt, underscore_opt)
running develop
/home/piai/.local/lib/python3.6/site-packages/setuptools/command/easy_install.py:159: EasyInstallDeprecationWarning: easy_install command is deprecated. Use build and pip and other standards-based tools.
  EasyInstallDeprecationWarning,
/home/piai/.local/lib/python3.6/site-packages/setuptools/command/install.py:37: SetuptoolsDeprecationWarning: setup.py install is deprecated. Use build and pip and other standards-based tools.
  setuptools.SetuptoolsDeprecationWarning,
/home/piai/.local/lib/python3.6/site-packages/pkg_resources/__init__.py:119: PkgResourcesDeprecationWarning: 0.18ubuntu0.18.04.1 is an invalid version and will not be supported in a future release
  PkgResourcesDeprecationWarning,
running egg_info
writing face_pkg.egg-info/PKG-INFO
writing dependency_links to face_pkg.egg-info/dependency_links.txt
writing entry points to face_pkg.egg-info/entry_points.txt
writing requirements to face_pkg.egg-info/requires.txt
writing top-level names to face_pkg.egg-info/top_level.txt
reading manifest file 'face_pkg.egg-info/SOURCES.txt'
writing manifest file 'face_pkg.egg-info/SOURCES.txt'
running build_ext
Creating /home/piai/robot_ws/install/face_pkg/lib/python3.6/site-packages/face-pkg.egg-link (link to .)
Installing face_start_subscriber script to /home/piai/robot_ws/install/face_pkg/lib/face_pkg

Installed /home/piai/robot_ws/build/face_pkg
running install_data
