[1.095s] Invoking command in '/home/piai/robot_ws/build/tts_pkg': PYTHONPATH=/home/piai/robot_ws/install/tts_pkg/lib/python3.6/site-packages:${PYTHONPATH} /usr/bin/python3 setup.py develop --prefix /home/piai/robot_ws/install/tts_pkg --editable --build-directory /home/piai/robot_ws/build/tts_pkg/build --no-deps install_data --install-dir /home/piai/robot_ws/install/tts_pkg
[1.435s] /home/piai/.local/lib/python3.6/site-packages/setuptools/dist.py:726: UserWarning: Usage of dash-separated 'script-dir' will not be supported in future versions. Please use the underscore name 'script_dir' instead
[1.435s]   % (opt, underscore_opt)
[1.435s] /home/piai/.local/lib/python3.6/site-packages/setuptools/dist.py:726: UserWarning: Usage of dash-separated 'install-scripts' will not be supported in future versions. Please use the underscore name 'install_scripts' instead
[1.435s]   % (opt, underscore_opt)
[1.501s] running develop
[1.501s] /home/piai/.local/lib/python3.6/site-packages/setuptools/command/easy_install.py:159: EasyInstallDeprecationWarning: easy_install command is deprecated. Use build and pip and other standards-based tools.
[1.501s]   EasyInstallDeprecationWarning,
[1.503s] /home/piai/.local/lib/python3.6/site-packages/setuptools/command/install.py:37: SetuptoolsDeprecationWarning: setup.py install is deprecated. Use build and pip and other standards-based tools.
[1.503s]   setuptools.SetuptoolsDeprecationWarning,
[1.573s] /home/piai/.local/lib/python3.6/site-packages/pkg_resources/__init__.py:119: PkgResourcesDeprecationWarning: 0.18ubuntu0.18.04.1 is an invalid version and will not be supported in a future release
[1.573s]   PkgResourcesDeprecationWarning,
[1.684s] running egg_info
[1.684s] writing tts_pkg.egg-info/PKG-INFO
[1.684s] writing dependency_links to tts_pkg.egg-info/dependency_links.txt
[1.685s] writing entry points to tts_pkg.egg-info/entry_points.txt
[1.685s] writing requirements to tts_pkg.egg-info/requires.txt
[1.685s] writing top-level names to tts_pkg.egg-info/top_level.txt
[1.688s] reading manifest file 'tts_pkg.egg-info/SOURCES.txt'
[1.689s] writing manifest file 'tts_pkg.egg-info/SOURCES.txt'
[1.691s] running build_ext
[1.691s] Creating /home/piai/robot_ws/install/tts_pkg/lib/python3.6/site-packages/tts-pkg.egg-link (link to .)
[1.692s] Installing ocr_publisher script to /home/piai/robot_ws/install/tts_pkg/lib/tts_pkg
[1.692s] Installing tts_subscriber script to /home/piai/robot_ws/install/tts_pkg/lib/tts_pkg
[1.693s] 
[1.693s] Installed /home/piai/robot_ws/build/tts_pkg
[1.693s] running install_data
[1.733s] Invoked command in '/home/piai/robot_ws/build/tts_pkg' returned '0': PYTHONPATH=/home/piai/robot_ws/install/tts_pkg/lib/python3.6/site-packages:${PYTHONPATH} /usr/bin/python3 setup.py develop --prefix /home/piai/robot_ws/install/tts_pkg --editable --build-directory /home/piai/robot_ws/build/tts_pkg/build --no-deps install_data --install-dir /home/piai/robot_ws/install/tts_pkg
