[1.343s] Invoking command in '/home/piai/robot_ws_last/build/ocr_pkg': PYTHONPATH=/home/piai/robot_ws_last/install/ocr_pkg/lib/python3.6/site-packages:${PYTHONPATH} /usr/bin/python3 setup.py develop --prefix /home/piai/robot_ws_last/install/ocr_pkg --editable --build-directory /home/piai/robot_ws_last/build/ocr_pkg/build --no-deps install_data --install-dir /home/piai/robot_ws_last/install/ocr_pkg
[1.675s] /home/piai/.local/lib/python3.6/site-packages/setuptools/dist.py:726: UserWarning: Usage of dash-separated 'script-dir' will not be supported in future versions. Please use the underscore name 'script_dir' instead
[1.675s]   % (opt, underscore_opt)
[1.676s] /home/piai/.local/lib/python3.6/site-packages/setuptools/dist.py:726: UserWarning: Usage of dash-separated 'install-scripts' will not be supported in future versions. Please use the underscore name 'install_scripts' instead
[1.677s]   % (opt, underscore_opt)
[1.731s] running develop
[1.732s] /home/piai/.local/lib/python3.6/site-packages/setuptools/command/easy_install.py:159: EasyInstallDeprecationWarning: easy_install command is deprecated. Use build and pip and other standards-based tools.
[1.732s]   EasyInstallDeprecationWarning,
[1.733s] /home/piai/.local/lib/python3.6/site-packages/setuptools/command/install.py:37: SetuptoolsDeprecationWarning: setup.py install is deprecated. Use build and pip and other standards-based tools.
[1.733s]   setuptools.SetuptoolsDeprecationWarning,
[1.785s] /home/piai/.local/lib/python3.6/site-packages/pkg_resources/__init__.py:119: PkgResourcesDeprecationWarning: 0.18ubuntu0.18.04.1 is an invalid version and will not be supported in a future release
[1.785s]   PkgResourcesDeprecationWarning,
[1.881s] running egg_info
[1.881s] writing ocr_pkg.egg-info/PKG-INFO
[1.882s] writing dependency_links to ocr_pkg.egg-info/dependency_links.txt
[1.882s] writing entry points to ocr_pkg.egg-info/entry_points.txt
[1.882s] writing requirements to ocr_pkg.egg-info/requires.txt
[1.883s] writing top-level names to ocr_pkg.egg-info/top_level.txt
[1.884s] reading manifest file 'ocr_pkg.egg-info/SOURCES.txt'
[1.885s] writing manifest file 'ocr_pkg.egg-info/SOURCES.txt'
[1.887s] running build_ext
[1.887s] Creating /home/piai/robot_ws_last/install/ocr_pkg/lib/python3.6/site-packages/ocr-pkg.egg-link (link to .)
[1.888s] Installing ocr_publisher script to /home/piai/robot_ws_last/install/ocr_pkg/lib/ocr_pkg
[1.888s] Installing tts_subscriber script to /home/piai/robot_ws_last/install/ocr_pkg/lib/ocr_pkg
[1.889s] 
[1.889s] Installed /home/piai/robot_ws_last/build/ocr_pkg
[1.889s] running install_data
[1.933s] Invoked command in '/home/piai/robot_ws_last/build/ocr_pkg' returned '0': PYTHONPATH=/home/piai/robot_ws_last/install/ocr_pkg/lib/python3.6/site-packages:${PYTHONPATH} /usr/bin/python3 setup.py develop --prefix /home/piai/robot_ws_last/install/ocr_pkg --editable --build-directory /home/piai/robot_ws_last/build/ocr_pkg/build --no-deps install_data --install-dir /home/piai/robot_ws_last/install/ocr_pkg
