running develop
running egg_info
creating ocr_pkg.egg-info
writing ocr_pkg.egg-info/PKG-INFO
writing dependency_links to ocr_pkg.egg-info/dependency_links.txt
writing entry points to ocr_pkg.egg-info/entry_points.txt
writing requirements to ocr_pkg.egg-info/requires.txt
writing top-level names to ocr_pkg.egg-info/top_level.txt
writing manifest file 'ocr_pkg.egg-info/SOURCES.txt'
reading manifest file 'ocr_pkg.egg-info/SOURCES.txt'
writing manifest file 'ocr_pkg.egg-info/SOURCES.txt'
running build_ext
Creating /home/piai/robot_ws/install/ocr_pkg/lib/python3.6/site-packages/ocr-pkg.egg-link (link to .)
Installing ocr_publisher script to /home/piai/robot_ws/install/ocr_pkg/lib/ocr_pkg
Installing tts_subscriber script to /home/piai/robot_ws/install/ocr_pkg/lib/ocr_pkg

Installed /home/piai/robot_ws/build/ocr_pkg
running install_data
creating /home/piai/robot_ws/install/ocr_pkg/share/ament_index
creating /home/piai/robot_ws/install/ocr_pkg/share/ament_index/resource_index
creating /home/piai/robot_ws/install/ocr_pkg/share/ament_index/resource_index/packages
copying resource/ocr_pkg -> /home/piai/robot_ws/install/ocr_pkg/share/ament_index/resource_index/packages
copying package.xml -> /home/piai/robot_ws/install/ocr_pkg/share/ocr_pkg
