[1.350s] Invoking command in '/home/piai/robot_ws_last/build/face_pkg': PYTHONPATH=/home/piai/robot_ws_last/install/face_pkg/lib/python3.6/site-packages:${PYTHONPATH} /usr/bin/python3 setup.py develop --prefix /home/piai/robot_ws_last/install/face_pkg --editable --build-directory /home/piai/robot_ws_last/build/face_pkg/build --no-deps install_data --install-dir /home/piai/robot_ws_last/install/face_pkg
[1.675s] /home/piai/.local/lib/python3.6/site-packages/setuptools/dist.py:726: UserWarning: Usage of dash-separated 'script-dir' will not be supported in future versions. Please use the underscore name 'script_dir' instead
[1.675s]   % (opt, underscore_opt)
[1.675s] /home/piai/.local/lib/python3.6/site-packages/setuptools/dist.py:726: UserWarning: Usage of dash-separated 'install-scripts' will not be supported in future versions. Please use the underscore name 'install_scripts' instead
[1.675s]   % (opt, underscore_opt)
[1.732s] running develop
[1.733s] /home/piai/.local/lib/python3.6/site-packages/setuptools/command/easy_install.py:159: EasyInstallDeprecationWarning: easy_install command is deprecated. Use build and pip and other standards-based tools.
[1.733s]   EasyInstallDeprecationWarning,
[1.735s] /home/piai/.local/lib/python3.6/site-packages/setuptools/command/install.py:37: SetuptoolsDeprecationWarning: setup.py install is deprecated. Use build and pip and other standards-based tools.
[1.735s]   setuptools.SetuptoolsDeprecationWarning,
[1.786s] /home/piai/.local/lib/python3.6/site-packages/pkg_resources/__init__.py:119: PkgResourcesDeprecationWarning: 0.18ubuntu0.18.04.1 is an invalid version and will not be supported in a future release
[1.787s]   PkgResourcesDeprecationWarning,
[1.880s] running egg_info
[1.880s] writing face_pkg.egg-info/PKG-INFO
[1.880s] writing dependency_links to face_pkg.egg-info/dependency_links.txt
[1.880s] writing entry points to face_pkg.egg-info/entry_points.txt
[1.880s] writing requirements to face_pkg.egg-info/requires.txt
[1.881s] writing top-level names to face_pkg.egg-info/top_level.txt
[1.884s] reading manifest file 'face_pkg.egg-info/SOURCES.txt'
[1.884s] writing manifest file 'face_pkg.egg-info/SOURCES.txt'
[1.886s] running build_ext
[1.886s] Creating /home/piai/robot_ws_last/install/face_pkg/lib/python3.6/site-packages/face-pkg.egg-link (link to .)
[1.889s] Installing face_publisher script to /home/piai/robot_ws_last/install/face_pkg/lib/face_pkg
[1.890s] Installing face_start_subscriber script to /home/piai/robot_ws_last/install/face_pkg/lib/face_pkg
[1.891s] Installing nav_arrive_publisher script to /home/piai/robot_ws_last/install/face_pkg/lib/face_pkg
[1.891s] Installing tts_subscriber script to /home/piai/robot_ws_last/install/face_pkg/lib/face_pkg
[1.892s] 
[1.892s] Installed /home/piai/robot_ws_last/build/face_pkg
[1.893s] running install_data
[1.931s] Invoked command in '/home/piai/robot_ws_last/build/face_pkg' returned '0': PYTHONPATH=/home/piai/robot_ws_last/install/face_pkg/lib/python3.6/site-packages:${PYTHONPATH} /usr/bin/python3 setup.py develop --prefix /home/piai/robot_ws_last/install/face_pkg --editable --build-directory /home/piai/robot_ws_last/build/face_pkg/build --no-deps install_data --install-dir /home/piai/robot_ws_last/install/face_pkg
