[0.356s] DEBUG:colcon:Command line arguments: ['/usr/bin/colcon', 'build', '--symlink-install']
[0.356s] DEBUG:colcon:Parsed command line arguments: Namespace(ament_cmake_args=None, base_paths=['.'], build_base='build', catkin_cmake_args=None, catkin_skip_building_tests=False, cmake_args=None, cmake_clean_cache=False, cmake_clean_first=False, cmake_force_configure=False, cmake_target=None, cmake_target_skip_unavailable=False, continue_on_error=False, event_handlers=None, executor='parallel', ignore_user_meta=False, install_base='install', log_base=None, log_level=None, main=<bound method BuildVerb.main of <colcon_core.verb.build.BuildVerb object at 0x7f735c874ac8>>, merge_install=False, metas=['./colcon.meta'], packages_above=None, packages_above_and_dependencies=None, packages_above_depth=None, packages_end=None, packages_ignore=None, packages_ignore_regex=None, packages_select=None, packages_select_build_failed=False, packages_select_by_dep=None, packages_select_regex=None, packages_select_test_failures=False, packages_skip=None, packages_skip_build_finished=False, packages_skip_by_dep=None, packages_skip_regex=None, packages_skip_test_passed=False, packages_skip_up_to=None, packages_start=None, packages_up_to=None, packages_up_to_regex=None, parallel_workers=8, paths=None, symlink_install=True, test_result_base=None, verb_extension=<colcon_core.verb.build.BuildVerb object at 0x7f735c874ac8>, verb_name='build', verb_parser=<colcon_defaults.argument_parser.defaults.DefaultArgumentsDecorator object at 0x7f735c139208>)
[0.362s] Level 1:colcon.colcon_core.package_discovery:discover_packages(colcon_meta) check parameters
[0.362s] Level 1:colcon.colcon_core.package_discovery:discover_packages(recursive) check parameters
[0.362s] Level 1:colcon.colcon_core.package_discovery:discover_packages(ignore) check parameters
[0.362s] Level 1:colcon.colcon_core.package_discovery:discover_packages(path) check parameters
[0.362s] Level 1:colcon.colcon_core.package_discovery:discover_packages(colcon_meta) discover
[0.362s] Level 1:colcon.colcon_core.package_discovery:discover_packages(recursive) discover
[0.362s] INFO:colcon.colcon_core.package_discovery:Crawling recursively for packages in '/home/piai/robot_ws'
[0.362s] Level 1:colcon.colcon_core.package_identification:_identify(.) by extensions ['ignore', 'ignore_ament_install']
[0.363s] Level 1:colcon.colcon_core.package_identification:_identify(.) by extension 'ignore'
[0.363s] Level 1:colcon.colcon_core.package_identification:_identify(.) by extension 'ignore_ament_install'
[0.363s] Level 1:colcon.colcon_core.package_identification:_identify(.) by extensions ['colcon_pkg']
[0.363s] Level 1:colcon.colcon_core.package_identification:_identify(.) by extension 'colcon_pkg'
[0.363s] Level 1:colcon.colcon_core.package_identification:_identify(.) by extensions ['colcon_meta']
[0.363s] Level 1:colcon.colcon_core.package_identification:_identify(.) by extension 'colcon_meta'
[0.363s] Level 1:colcon.colcon_core.package_identification:_identify(.) by extensions ['ros']
[0.363s] Level 1:colcon.colcon_core.package_identification:_identify(.) by extension 'ros'
[0.463s] Level 1:colcon.colcon_core.package_identification:_identify(.) by extensions ['cmake', 'python']
[0.463s] Level 1:colcon.colcon_core.package_identification:_identify(.) by extension 'cmake'
[0.463s] Level 1:colcon.colcon_core.package_identification:_identify(.) by extension 'python'
[0.463s] Level 1:colcon.colcon_core.package_identification:_identify(.) by extensions ['python_setup_py']
[0.463s] Level 1:colcon.colcon_core.package_identification:_identify(.) by extension 'python_setup_py'
[0.463s] Level 1:colcon.colcon_core.package_identification:_identify(build) by extensions ['ignore', 'ignore_ament_install']
[0.463s] Level 1:colcon.colcon_core.package_identification:_identify(build) by extension 'ignore'
[0.463s] Level 1:colcon.colcon_core.package_identification:_identify(build) ignored
[0.464s] Level 1:colcon.colcon_core.package_identification:_identify(install) by extensions ['ignore', 'ignore_ament_install']
[0.464s] Level 1:colcon.colcon_core.package_identification:_identify(install) by extension 'ignore'
[0.464s] Level 1:colcon.colcon_core.package_identification:_identify(install) ignored
[0.464s] Level 1:colcon.colcon_core.package_identification:_identify(log) by extensions ['ignore', 'ignore_ament_install']
[0.464s] Level 1:colcon.colcon_core.package_identification:_identify(log) by extension 'ignore'
[0.464s] Level 1:colcon.colcon_core.package_identification:_identify(log) ignored
[0.464s] Level 1:colcon.colcon_core.package_identification:_identify(src) by extensions ['ignore', 'ignore_ament_install']
[0.465s] Level 1:colcon.colcon_core.package_identification:_identify(src) by extension 'ignore'
[0.465s] Level 1:colcon.colcon_core.package_identification:_identify(src) by extension 'ignore_ament_install'
[0.465s] Level 1:colcon.colcon_core.package_identification:_identify(src) by extensions ['colcon_pkg']
[0.465s] Level 1:colcon.colcon_core.package_identification:_identify(src) by extension 'colcon_pkg'
[0.465s] Level 1:colcon.colcon_core.package_identification:_identify(src) by extensions ['colcon_meta']
[0.465s] Level 1:colcon.colcon_core.package_identification:_identify(src) by extension 'colcon_meta'
[0.465s] Level 1:colcon.colcon_core.package_identification:_identify(src) by extensions ['ros']
[0.465s] Level 1:colcon.colcon_core.package_identification:_identify(src) by extension 'ros'
[0.465s] Level 1:colcon.colcon_core.package_identification:_identify(src) by extensions ['cmake', 'python']
[0.465s] Level 1:colcon.colcon_core.package_identification:_identify(src) by extension 'cmake'
[0.465s] Level 1:colcon.colcon_core.package_identification:_identify(src) by extension 'python'
[0.465s] Level 1:colcon.colcon_core.package_identification:_identify(src) by extensions ['python_setup_py']
[0.465s] Level 1:colcon.colcon_core.package_identification:_identify(src) by extension 'python_setup_py'
[0.465s] Level 1:colcon.colcon_core.package_identification:_identify(src/face_pkg) by extensions ['ignore', 'ignore_ament_install']
[0.465s] Level 1:colcon.colcon_core.package_identification:_identify(src/face_pkg) by extension 'ignore'
[0.466s] Level 1:colcon.colcon_core.package_identification:_identify(src/face_pkg) by extension 'ignore_ament_install'
[0.466s] Level 1:colcon.colcon_core.package_identification:_identify(src/face_pkg) by extensions ['colcon_pkg']
[0.466s] Level 1:colcon.colcon_core.package_identification:_identify(src/face_pkg) by extension 'colcon_pkg'
[0.466s] Level 1:colcon.colcon_core.package_identification:_identify(src/face_pkg) by extensions ['colcon_meta']
[0.466s] Level 1:colcon.colcon_core.package_identification:_identify(src/face_pkg) by extension 'colcon_meta'
[0.466s] Level 1:colcon.colcon_core.package_identification:_identify(src/face_pkg) by extensions ['ros']
[0.466s] Level 1:colcon.colcon_core.package_identification:_identify(src/face_pkg) by extension 'ros'
[0.469s] DEBUG:colcon.colcon_core.package_identification:Package 'src/face_pkg' with type 'ros.ament_python' and name 'face_pkg'
[0.469s] Level 1:colcon.colcon_core.package_identification:_identify(src/ocr_pkg) by extensions ['ignore', 'ignore_ament_install']
[0.469s] Level 1:colcon.colcon_core.package_identification:_identify(src/ocr_pkg) by extension 'ignore'
[0.469s] Level 1:colcon.colcon_core.package_identification:_identify(src/ocr_pkg) by extension 'ignore_ament_install'
[0.469s] Level 1:colcon.colcon_core.package_identification:_identify(src/ocr_pkg) by extensions ['colcon_pkg']
[0.469s] Level 1:colcon.colcon_core.package_identification:_identify(src/ocr_pkg) by extension 'colcon_pkg'
[0.469s] Level 1:colcon.colcon_core.package_identification:_identify(src/ocr_pkg) by extensions ['colcon_meta']
[0.469s] Level 1:colcon.colcon_core.package_identification:_identify(src/ocr_pkg) by extension 'colcon_meta'
[0.469s] Level 1:colcon.colcon_core.package_identification:_identify(src/ocr_pkg) by extensions ['ros']
[0.469s] Level 1:colcon.colcon_core.package_identification:_identify(src/ocr_pkg) by extension 'ros'
[0.470s] DEBUG:colcon.colcon_core.package_identification:Package 'src/ocr_pkg' with type 'ros.ament_python' and name 'ocr_pkg'
[0.470s] Level 1:colcon.colcon_core.package_identification:_identify(src/tts_pkg) by extensions ['ignore', 'ignore_ament_install']
[0.470s] Level 1:colcon.colcon_core.package_identification:_identify(src/tts_pkg) by extension 'ignore'
[0.470s] Level 1:colcon.colcon_core.package_identification:_identify(src/tts_pkg) by extension 'ignore_ament_install'
[0.471s] Level 1:colcon.colcon_core.package_identification:_identify(src/tts_pkg) by extensions ['colcon_pkg']
[0.471s] Level 1:colcon.colcon_core.package_identification:_identify(src/tts_pkg) by extension 'colcon_pkg'
[0.471s] Level 1:colcon.colcon_core.package_identification:_identify(src/tts_pkg) by extensions ['colcon_meta']
[0.471s] Level 1:colcon.colcon_core.package_identification:_identify(src/tts_pkg) by extension 'colcon_meta'
[0.471s] Level 1:colcon.colcon_core.package_identification:_identify(src/tts_pkg) by extensions ['ros']
[0.471s] Level 1:colcon.colcon_core.package_identification:_identify(src/tts_pkg) by extension 'ros'
[0.471s] DEBUG:colcon.colcon_core.package_identification:Failed to parse potential ROS package manifest in'src/tts_pkg': Error(s) in package 'src/tts_pkg/package.xml':
The manifest contains invalid XML:
XML or text declaration not at start of entity: line 2, column 0
[0.471s] Level 1:colcon.colcon_core.package_identification:_identify(src/tts_pkg) by extensions ['cmake', 'python']
[0.471s] Level 1:colcon.colcon_core.package_identification:_identify(src/tts_pkg) by extension 'cmake'
[0.471s] Level 1:colcon.colcon_core.package_identification:_identify(src/tts_pkg) by extension 'python'
[0.471s] DEBUG:colcon.colcon_core.package_identification:Python package in 'src/tts_pkg' passes arguments to the setup() function which requires a different identification extension than 'python'
[0.471s] Level 1:colcon.colcon_core.package_identification:_identify(src/tts_pkg) by extensions ['python_setup_py']
[0.471s] Level 1:colcon.colcon_core.package_identification:_identify(src/tts_pkg) by extension 'python_setup_py'
[0.810s] DEBUG:colcon.colcon_core.package_identification:Package 'src/tts_pkg' with type 'python' and name 'tts_pkg'
[0.811s] Level 1:colcon.colcon_core.package_discovery:discover_packages(recursive) using defaults
[0.813s] Level 1:colcon.colcon_core.package_discovery:discover_packages(ignore) discover
[0.813s] Level 1:colcon.colcon_core.package_discovery:discover_packages(ignore) using defaults
[0.813s] Level 1:colcon.colcon_core.package_discovery:discover_packages(path) discover
[0.813s] Level 1:colcon.colcon_core.package_discovery:discover_packages(path) using defaults
[0.861s] Level 5:colcon.colcon_core.verb:set package 'face_pkg' build argument 'cmake_args' from command line to 'None'
[0.861s] Level 5:colcon.colcon_core.verb:set package 'face_pkg' build argument 'cmake_target' from command line to 'None'
[0.861s] Level 5:colcon.colcon_core.verb:set package 'face_pkg' build argument 'cmake_target_skip_unavailable' from command line to 'False'
[0.861s] Level 5:colcon.colcon_core.verb:set package 'face_pkg' build argument 'cmake_clean_cache' from command line to 'False'
[0.861s] Level 5:colcon.colcon_core.verb:set package 'face_pkg' build argument 'cmake_clean_first' from command line to 'False'
[0.861s] Level 5:colcon.colcon_core.verb:set package 'face_pkg' build argument 'cmake_force_configure' from command line to 'False'
[0.861s] Level 5:colcon.colcon_core.verb:set package 'face_pkg' build argument 'ament_cmake_args' from command line to 'None'
[0.861s] Level 5:colcon.colcon_core.verb:set package 'face_pkg' build argument 'catkin_cmake_args' from command line to 'None'
[0.861s] Level 5:colcon.colcon_core.verb:set package 'face_pkg' build argument 'catkin_skip_building_tests' from command line to 'False'
[0.861s] DEBUG:colcon.colcon_core.verb:Building package 'face_pkg' with the following arguments: {'ament_cmake_args': None, 'build_base': '/home/piai/robot_ws/build/face_pkg', 'catkin_cmake_args': None, 'catkin_skip_building_tests': False, 'cmake_args': None, 'cmake_clean_cache': False, 'cmake_clean_first': False, 'cmake_force_configure': False, 'cmake_target': None, 'cmake_target_skip_unavailable': False, 'install_base': '/home/piai/robot_ws/install/face_pkg', 'merge_install': False, 'path': '/home/piai/robot_ws/src/face_pkg', 'symlink_install': True, 'test_result_base': None}
[0.865s] Level 5:colcon.colcon_core.verb:set package 'ocr_pkg' build argument 'cmake_args' from command line to 'None'
[0.865s] Level 5:colcon.colcon_core.verb:set package 'ocr_pkg' build argument 'cmake_target' from command line to 'None'
[0.865s] Level 5:colcon.colcon_core.verb:set package 'ocr_pkg' build argument 'cmake_target_skip_unavailable' from command line to 'False'
[0.865s] Level 5:colcon.colcon_core.verb:set package 'ocr_pkg' build argument 'cmake_clean_cache' from command line to 'False'
[0.865s] Level 5:colcon.colcon_core.verb:set package 'ocr_pkg' build argument 'cmake_clean_first' from command line to 'False'
[0.865s] Level 5:colcon.colcon_core.verb:set package 'ocr_pkg' build argument 'cmake_force_configure' from command line to 'False'
[0.865s] Level 5:colcon.colcon_core.verb:set package 'ocr_pkg' build argument 'ament_cmake_args' from command line to 'None'
[0.865s] Level 5:colcon.colcon_core.verb:set package 'ocr_pkg' build argument 'catkin_cmake_args' from command line to 'None'
[0.865s] Level 5:colcon.colcon_core.verb:set package 'ocr_pkg' build argument 'catkin_skip_building_tests' from command line to 'False'
[0.865s] DEBUG:colcon.colcon_core.verb:Building package 'ocr_pkg' with the following arguments: {'ament_cmake_args': None, 'build_base': '/home/piai/robot_ws/build/ocr_pkg', 'catkin_cmake_args': None, 'catkin_skip_building_tests': False, 'cmake_args': None, 'cmake_clean_cache': False, 'cmake_clean_first': False, 'cmake_force_configure': False, 'cmake_target': None, 'cmake_target_skip_unavailable': False, 'install_base': '/home/piai/robot_ws/install/ocr_pkg', 'merge_install': False, 'path': '/home/piai/robot_ws/src/ocr_pkg', 'symlink_install': True, 'test_result_base': None}
[0.869s] Level 5:colcon.colcon_core.verb:set package 'tts_pkg' build argument 'cmake_args' from command line to 'None'
[0.869s] Level 5:colcon.colcon_core.verb:set package 'tts_pkg' build argument 'cmake_target' from command line to 'None'
[0.869s] Level 5:colcon.colcon_core.verb:set package 'tts_pkg' build argument 'cmake_target_skip_unavailable' from command line to 'False'
[0.869s] Level 5:colcon.colcon_core.verb:set package 'tts_pkg' build argument 'cmake_clean_cache' from command line to 'False'
[0.869s] Level 5:colcon.colcon_core.verb:set package 'tts_pkg' build argument 'cmake_clean_first' from command line to 'False'
[0.869s] Level 5:colcon.colcon_core.verb:set package 'tts_pkg' build argument 'cmake_force_configure' from command line to 'False'
[0.869s] Level 5:colcon.colcon_core.verb:set package 'tts_pkg' build argument 'ament_cmake_args' from command line to 'None'
[0.869s] Level 5:colcon.colcon_core.verb:set package 'tts_pkg' build argument 'catkin_cmake_args' from command line to 'None'
[0.869s] Level 5:colcon.colcon_core.verb:set package 'tts_pkg' build argument 'catkin_skip_building_tests' from command line to 'False'
[0.869s] DEBUG:colcon.colcon_core.verb:Building package 'tts_pkg' with the following arguments: {'ament_cmake_args': None, 'build_base': '/home/piai/robot_ws/build/tts_pkg', 'catkin_cmake_args': None, 'catkin_skip_building_tests': False, 'cmake_args': None, 'cmake_clean_cache': False, 'cmake_clean_first': False, 'cmake_force_configure': False, 'cmake_target': None, 'cmake_target_skip_unavailable': False, 'install_base': '/home/piai/robot_ws/install/tts_pkg', 'merge_install': False, 'path': '/home/piai/robot_ws/src/tts_pkg', 'symlink_install': True, 'test_result_base': None}
[0.870s] INFO:colcon.colcon_core.executor:Executing jobs using 'parallel' executor
[0.872s] DEBUG:colcon.colcon_parallel_executor.executor.parallel:run_until_complete
[0.873s] INFO:colcon.colcon_ros.task.ament_python.build:Building ROS package in '/home/piai/robot_ws/src/face_pkg' with build type 'ament_python'
[0.873s] Level 1:colcon.colcon_core.shell:create_environment_hook('face_pkg', 'ament_prefix_path')
[0.878s] INFO:colcon.colcon_core.plugin_system:Skipping extension 'colcon_core.shell.bat': Not used on non-Windows systems
[0.879s] INFO:colcon.colcon_core.shell:Creating environment hook '/home/piai/robot_ws/install/face_pkg/share/face_pkg/hook/ament_prefix_path.ps1'
[0.880s] INFO:colcon.colcon_core.shell:Creating environment descriptor '/home/piai/robot_ws/install/face_pkg/share/face_pkg/hook/ament_prefix_path.dsv'
[0.880s] INFO:colcon.colcon_core.shell:Creating environment hook '/home/piai/robot_ws/install/face_pkg/share/face_pkg/hook/ament_prefix_path.sh'
[0.881s] INFO:colcon.colcon_core.shell:Skip shell extension 'powershell' for command environment: Not usable outside of PowerShell
[0.881s] DEBUG:colcon.colcon_core.shell:Skip shell extension 'dsv' for command environment
[0.884s] WARNING:colcon.colcon_ros.prefix_path.ament:The path '/home/piai/robot_ws/install/ocr_tts_pkg' in the environment variable AMENT_PREFIX_PATH doesn't exist
[0.884s] WARNING:colcon.colcon_ros.prefix_path.ament:The path '/home/piai/robot_ws/install/first_tts_pkg' in the environment variable AMENT_PREFIX_PATH doesn't exist
[0.885s] DEBUG:colcon.colcon_core.shell:Ignoring prefix path '/opt/ros/dashing'
[0.888s] INFO:colcon.colcon_ros.task.ament_python.build:Building ROS package in '/home/piai/robot_ws/src/ocr_pkg' with build type 'ament_python'
[0.889s] Level 1:colcon.colcon_core.shell:create_environment_hook('ocr_pkg', 'ament_prefix_path')
[0.892s] INFO:colcon.colcon_core.shell:Creating environment hook '/home/piai/robot_ws/install/ocr_pkg/share/ocr_pkg/hook/ament_prefix_path.ps1'
[0.893s] INFO:colcon.colcon_core.shell:Creating environment descriptor '/home/piai/robot_ws/install/ocr_pkg/share/ocr_pkg/hook/ament_prefix_path.dsv'
[0.893s] INFO:colcon.colcon_core.shell:Creating environment hook '/home/piai/robot_ws/install/ocr_pkg/share/ocr_pkg/hook/ament_prefix_path.sh'
[0.894s] INFO:colcon.colcon_core.shell:Skip shell extension 'powershell' for command environment: Not usable outside of PowerShell
[0.895s] DEBUG:colcon.colcon_core.shell:Skip shell extension 'dsv' for command environment
[0.898s] DEBUG:colcon.colcon_core.shell:Ignoring prefix path '/opt/ros/dashing'
[0.903s] INFO:colcon.colcon_core.task.python.build:Building Python package in '/home/piai/robot_ws/src/tts_pkg'
[0.908s] INFO:colcon.colcon_core.shell:Skip shell extension 'powershell' for command environment: Not usable outside of PowerShell
[0.909s] DEBUG:colcon.colcon_core.shell:Skip shell extension 'dsv' for command environment
[0.916s] DEBUG:colcon.colcon_core.shell:Ignoring prefix path '/opt/ros/dashing'
[1.294s] INFO:colcon.colcon_core.task.python.build:Building Python package in '/home/piai/robot_ws/src/face_pkg'
[1.296s] INFO:colcon.colcon_core.shell:Skip shell extension 'powershell' for command environment: Not usable outside of PowerShell
[1.296s] DEBUG:colcon.colcon_core.shell:Skip shell extension 'dsv' for command environment
[1.299s] DEBUG:colcon.colcon_core.shell:Ignoring prefix path '/opt/ros/dashing'
[1.635s] INFO:colcon.colcon_core.task.python.build:Building Python package in '/home/piai/robot_ws/src/ocr_pkg'
[1.636s] INFO:colcon.colcon_core.shell:Skip shell extension 'powershell' for command environment: Not usable outside of PowerShell
[1.637s] DEBUG:colcon.colcon_core.shell:Skip shell extension 'dsv' for command environment
[1.639s] DEBUG:colcon.colcon_core.shell:Ignoring prefix path '/opt/ros/dashing'
[1.996s] DEBUG:colcon.colcon_core.event_handler.log_command:Invoking command in '/home/piai/robot_ws/build/tts_pkg': PYTHONPATH=/home/piai/robot_ws/install/tts_pkg/lib/python3.6/site-packages:${PYTHONPATH} /usr/bin/python3 setup.py develop --prefix /home/piai/robot_ws/install/tts_pkg --editable --build-directory /home/piai/robot_ws/build/tts_pkg/build --no-deps install_data --install-dir /home/piai/robot_ws/install/tts_pkg
[2.022s] DEBUG:colcon.colcon_core.event_handler.log_command:Invoking command in '/home/piai/robot_ws/build/face_pkg': PYTHONPATH=/home/piai/robot_ws/install/face_pkg/lib/python3.6/site-packages:${PYTHONPATH} /usr/bin/python3 setup.py develop --prefix /home/piai/robot_ws/install/face_pkg --editable --build-directory /home/piai/robot_ws/build/face_pkg/build --no-deps install_data --install-dir /home/piai/robot_ws/install/face_pkg
[2.027s] DEBUG:colcon.colcon_core.event_handler.log_command:Invoking command in '/home/piai/robot_ws/build/ocr_pkg': PYTHONPATH=/home/piai/robot_ws/install/ocr_pkg/lib/python3.6/site-packages:${PYTHONPATH} /usr/bin/python3 setup.py develop --prefix /home/piai/robot_ws/install/ocr_pkg --editable --build-directory /home/piai/robot_ws/build/ocr_pkg/build --no-deps install_data --install-dir /home/piai/robot_ws/install/ocr_pkg
[2.665s] Level 1:colcon.colcon_core.shell:create_environment_hook('tts_pkg', 'pythonpath_develop')
[2.667s] INFO:colcon.colcon_core.shell:Creating environment hook '/home/piai/robot_ws/build/tts_pkg/share/tts_pkg/hook/pythonpath_develop.ps1'
[2.668s] DEBUG:colcon.colcon_core.event_handler.log_command:Invoked command in '/home/piai/robot_ws/build/tts_pkg' returned '0': PYTHONPATH=/home/piai/robot_ws/install/tts_pkg/lib/python3.6/site-packages:${PYTHONPATH} /usr/bin/python3 setup.py develop --prefix /home/piai/robot_ws/install/tts_pkg --editable --build-directory /home/piai/robot_ws/build/tts_pkg/build --no-deps install_data --install-dir /home/piai/robot_ws/install/tts_pkg
[2.669s] INFO:colcon.colcon_core.shell:Creating environment descriptor '/home/piai/robot_ws/build/tts_pkg/share/tts_pkg/hook/pythonpath_develop.dsv'
[2.669s] INFO:colcon.colcon_core.shell:Creating environment hook '/home/piai/robot_ws/build/tts_pkg/share/tts_pkg/hook/pythonpath_develop.sh'
[2.678s] Level 1:colcon.colcon_core.environment:checking '/home/piai/robot_ws/install/tts_pkg' for CMake module files
[2.679s] Level 1:colcon.colcon_core.environment:checking '/home/piai/robot_ws/install/tts_pkg' for CMake config files
[2.680s] Level 1:colcon.colcon_core.environment:checking '/home/piai/robot_ws/install/tts_pkg/lib'
[2.680s] Level 1:colcon.colcon_core.environment:checking '/home/piai/robot_ws/install/tts_pkg/bin'
[2.680s] Level 1:colcon.colcon_core.environment:checking '/home/piai/robot_ws/install/tts_pkg/lib/pkgconfig/tts_pkg.pc'
[2.680s] Level 1:colcon.colcon_core.environment:checking '/home/piai/robot_ws/install/tts_pkg/lib/python3.6/site-packages'
[2.680s] Level 1:colcon.colcon_core.shell:create_environment_hook('tts_pkg', 'pythonpath')
[2.681s] INFO:colcon.colcon_core.shell:Creating environment hook '/home/piai/robot_ws/install/tts_pkg/share/tts_pkg/hook/pythonpath.ps1'
[2.682s] INFO:colcon.colcon_core.shell:Creating environment descriptor '/home/piai/robot_ws/install/tts_pkg/share/tts_pkg/hook/pythonpath.dsv'
[2.682s] INFO:colcon.colcon_core.shell:Creating environment hook '/home/piai/robot_ws/install/tts_pkg/share/tts_pkg/hook/pythonpath.sh'
[2.683s] Level 1:colcon.colcon_core.environment:create_environment_scripts_only(tts_pkg)
[2.684s] INFO:colcon.colcon_core.shell:Creating package script '/home/piai/robot_ws/install/tts_pkg/share/tts_pkg/package.ps1'
[2.685s] INFO:colcon.colcon_core.shell:Creating package descriptor '/home/piai/robot_ws/install/tts_pkg/share/tts_pkg/package.dsv'
[2.685s] INFO:colcon.colcon_core.shell:Creating package script '/home/piai/robot_ws/install/tts_pkg/share/tts_pkg/package.sh'
[2.686s] INFO:colcon.colcon_core.shell:Creating package script '/home/piai/robot_ws/install/tts_pkg/share/tts_pkg/package.bash'
[2.687s] INFO:colcon.colcon_core.shell:Creating package script '/home/piai/robot_ws/install/tts_pkg/share/tts_pkg/package.zsh'
[2.688s] Level 1:colcon.colcon_core.environment:create_file_with_runtime_dependencies(/home/piai/robot_ws/install/tts_pkg/share/colcon-core/packages/tts_pkg)
[2.706s] Level 1:colcon.colcon_core.shell:create_environment_hook('ocr_pkg', 'pythonpath_develop')
[2.707s] INFO:colcon.colcon_core.shell:Creating environment hook '/home/piai/robot_ws/build/ocr_pkg/share/ocr_pkg/hook/pythonpath_develop.ps1'
[2.708s] DEBUG:colcon.colcon_core.event_handler.log_command:Invoked command in '/home/piai/robot_ws/build/ocr_pkg' returned '0': PYTHONPATH=/home/piai/robot_ws/install/ocr_pkg/lib/python3.6/site-packages:${PYTHONPATH} /usr/bin/python3 setup.py develop --prefix /home/piai/robot_ws/install/ocr_pkg --editable --build-directory /home/piai/robot_ws/build/ocr_pkg/build --no-deps install_data --install-dir /home/piai/robot_ws/install/ocr_pkg
[2.708s] INFO:colcon.colcon_core.shell:Creating environment descriptor '/home/piai/robot_ws/build/ocr_pkg/share/ocr_pkg/hook/pythonpath_develop.dsv'
[2.709s] INFO:colcon.colcon_core.shell:Creating environment hook '/home/piai/robot_ws/build/ocr_pkg/share/ocr_pkg/hook/pythonpath_develop.sh'
[2.711s] Level 1:colcon.colcon_core.environment:checking '/home/piai/robot_ws/install/ocr_pkg' for CMake module files
[2.712s] Level 1:colcon.colcon_core.environment:checking '/home/piai/robot_ws/install/ocr_pkg' for CMake config files
[2.713s] Level 1:colcon.colcon_core.environment:checking '/home/piai/robot_ws/install/ocr_pkg/lib'
[2.713s] Level 1:colcon.colcon_core.environment:checking '/home/piai/robot_ws/install/ocr_pkg/bin'
[2.713s] Level 1:colcon.colcon_core.environment:checking '/home/piai/robot_ws/install/ocr_pkg/lib/pkgconfig/ocr_pkg.pc'
[2.713s] Level 1:colcon.colcon_core.environment:checking '/home/piai/robot_ws/install/ocr_pkg/lib/python3.6/site-packages'
[2.713s] Level 1:colcon.colcon_core.shell:create_environment_hook('ocr_pkg', 'pythonpath')
[2.715s] INFO:colcon.colcon_core.shell:Creating environment hook '/home/piai/robot_ws/install/ocr_pkg/share/ocr_pkg/hook/pythonpath.ps1'
[2.715s] INFO:colcon.colcon_core.shell:Creating environment descriptor '/home/piai/robot_ws/install/ocr_pkg/share/ocr_pkg/hook/pythonpath.dsv'
[2.716s] INFO:colcon.colcon_core.shell:Creating environment hook '/home/piai/robot_ws/install/ocr_pkg/share/ocr_pkg/hook/pythonpath.sh'
[2.716s] Level 1:colcon.colcon_core.environment:create_environment_scripts_only(ocr_pkg)
[2.718s] INFO:colcon.colcon_core.shell:Creating package script '/home/piai/robot_ws/install/ocr_pkg/share/ocr_pkg/package.ps1'
[2.719s] INFO:colcon.colcon_core.shell:Creating package descriptor '/home/piai/robot_ws/install/ocr_pkg/share/ocr_pkg/package.dsv'
[2.719s] INFO:colcon.colcon_core.shell:Creating package script '/home/piai/robot_ws/install/ocr_pkg/share/ocr_pkg/package.sh'
[2.720s] INFO:colcon.colcon_core.shell:Creating package script '/home/piai/robot_ws/install/ocr_pkg/share/ocr_pkg/package.bash'
[2.721s] INFO:colcon.colcon_core.shell:Creating package script '/home/piai/robot_ws/install/ocr_pkg/share/ocr_pkg/package.zsh'
[2.721s] Level 1:colcon.colcon_core.environment:create_file_with_runtime_dependencies(/home/piai/robot_ws/install/ocr_pkg/share/colcon-core/packages/ocr_pkg)
[2.737s] Level 1:colcon.colcon_core.shell:create_environment_hook('face_pkg', 'pythonpath_develop')
[2.739s] INFO:colcon.colcon_core.shell:Creating environment hook '/home/piai/robot_ws/build/face_pkg/share/face_pkg/hook/pythonpath_develop.ps1'
[2.741s] DEBUG:colcon.colcon_core.event_handler.log_command:Invoked command in '/home/piai/robot_ws/build/face_pkg' returned '0': PYTHONPATH=/home/piai/robot_ws/install/face_pkg/lib/python3.6/site-packages:${PYTHONPATH} /usr/bin/python3 setup.py develop --prefix /home/piai/robot_ws/install/face_pkg --editable --build-directory /home/piai/robot_ws/build/face_pkg/build --no-deps install_data --install-dir /home/piai/robot_ws/install/face_pkg
[2.742s] INFO:colcon.colcon_core.shell:Creating environment descriptor '/home/piai/robot_ws/build/face_pkg/share/face_pkg/hook/pythonpath_develop.dsv'
[2.742s] INFO:colcon.colcon_core.shell:Creating environment hook '/home/piai/robot_ws/build/face_pkg/share/face_pkg/hook/pythonpath_develop.sh'
[2.744s] Level 1:colcon.colcon_core.environment:checking '/home/piai/robot_ws/install/face_pkg' for CMake module files
[2.744s] Level 1:colcon.colcon_core.environment:checking '/home/piai/robot_ws/install/face_pkg' for CMake config files
[2.746s] Level 1:colcon.colcon_core.environment:checking '/home/piai/robot_ws/install/face_pkg/lib'
[2.746s] Level 1:colcon.colcon_core.environment:checking '/home/piai/robot_ws/install/face_pkg/bin'
[2.746s] Level 1:colcon.colcon_core.environment:checking '/home/piai/robot_ws/install/face_pkg/lib/pkgconfig/face_pkg.pc'
[2.746s] Level 1:colcon.colcon_core.environment:checking '/home/piai/robot_ws/install/face_pkg/lib/python3.6/site-packages'
[2.746s] Level 1:colcon.colcon_core.shell:create_environment_hook('face_pkg', 'pythonpath')
[2.747s] INFO:colcon.colcon_core.shell:Creating environment hook '/home/piai/robot_ws/install/face_pkg/share/face_pkg/hook/pythonpath.ps1'
[2.747s] INFO:colcon.colcon_core.shell:Creating environment descriptor '/home/piai/robot_ws/install/face_pkg/share/face_pkg/hook/pythonpath.dsv'
[2.748s] INFO:colcon.colcon_core.shell:Creating environment hook '/home/piai/robot_ws/install/face_pkg/share/face_pkg/hook/pythonpath.sh'
[2.748s] Level 1:colcon.colcon_core.environment:create_environment_scripts_only(face_pkg)
[2.749s] INFO:colcon.colcon_core.shell:Creating package script '/home/piai/robot_ws/install/face_pkg/share/face_pkg/package.ps1'
[2.750s] INFO:colcon.colcon_core.shell:Creating package descriptor '/home/piai/robot_ws/install/face_pkg/share/face_pkg/package.dsv'
[2.750s] INFO:colcon.colcon_core.shell:Creating package script '/home/piai/robot_ws/install/face_pkg/share/face_pkg/package.sh'
[2.751s] INFO:colcon.colcon_core.shell:Creating package script '/home/piai/robot_ws/install/face_pkg/share/face_pkg/package.bash'
[2.751s] INFO:colcon.colcon_core.shell:Creating package script '/home/piai/robot_ws/install/face_pkg/share/face_pkg/package.zsh'
[2.751s] Level 1:colcon.colcon_core.environment:create_file_with_runtime_dependencies(/home/piai/robot_ws/install/face_pkg/share/colcon-core/packages/face_pkg)
[2.752s] DEBUG:colcon.colcon_parallel_executor.executor.parallel:closing loop
[2.753s] DEBUG:colcon.colcon_parallel_executor.executor.parallel:loop closed
[2.753s] DEBUG:colcon.colcon_parallel_executor.executor.parallel:run_until_complete finished with '0'
[2.753s] DEBUG:colcon.colcon_core.event_reactor:joining thread
[2.761s] INFO:colcon.colcon_core.plugin_system:Skipping extension 'colcon_notification.desktop_notification.terminal_notifier': Not used on non-Darwin systems
[2.761s] INFO:colcon.colcon_core.plugin_system:Skipping extension 'colcon_notification.desktop_notification.win32': Not used on non-Windows systems
[2.761s] INFO:colcon.colcon_notification.desktop_notification:Sending desktop notification using 'notify2'
[2.763s] DEBUG:colcon.colcon_core.event_reactor:joined thread
[2.765s] INFO:colcon.colcon_core.shell:Creating prefix script '/home/piai/robot_ws/install/local_setup.ps1'
[2.766s] INFO:colcon.colcon_core.shell:Creating prefix util module '/home/piai/robot_ws/install/_local_setup_util_ps1.py'
[2.768s] INFO:colcon.colcon_core.shell:Creating prefix chain script '/home/piai/robot_ws/install/setup.ps1'
[2.772s] INFO:colcon.colcon_core.shell:Creating prefix script '/home/piai/robot_ws/install/local_setup.sh'
[2.773s] INFO:colcon.colcon_core.shell:Creating prefix util module '/home/piai/robot_ws/install/_local_setup_util_sh.py'
[2.773s] INFO:colcon.colcon_core.shell:Creating prefix chain script '/home/piai/robot_ws/install/setup.sh'
[2.777s] INFO:colcon.colcon_core.shell:Creating prefix script '/home/piai/robot_ws/install/local_setup.bash'
[2.777s] INFO:colcon.colcon_core.shell:Creating prefix chain script '/home/piai/robot_ws/install/setup.bash'
[2.780s] INFO:colcon.colcon_core.shell:Creating prefix script '/home/piai/robot_ws/install/local_setup.zsh'
[2.781s] INFO:colcon.colcon_core.shell:Creating prefix chain script '/home/piai/robot_ws/install/setup.zsh'
