[1.241s] Invoking command in '/home/piai/robot_ws/build/ocr_pkg': PYTHONPATH=/home/piai/robot_ws/install/ocr_pkg/lib/python3.6/site-packages:${PYTHONPATH} /usr/bin/python3 setup.py develop --prefix /home/piai/robot_ws/install/ocr_pkg --editable --build-directory /home/piai/robot_ws/build/ocr_pkg/build --no-deps install_data --install-dir /home/piai/robot_ws/install/ocr_pkg
[1.680s] /home/piai/.local/lib/python3.6/site-packages/setuptools/dist.py:726: UserWarning: Usage of dash-separated 'script-dir' will not be supported in future versions. Please use the underscore name 'script_dir' instead
[1.681s]   % (opt, underscore_opt)
[1.681s] /home/piai/.local/lib/python3.6/site-packages/setuptools/dist.py:726: UserWarning: Usage of dash-separated 'install-scripts' will not be supported in future versions. Please use the underscore name 'install_scripts' instead
[1.681s]   % (opt, underscore_opt)
[1.766s] running develop
[1.766s] /home/piai/.local/lib/python3.6/site-packages/setuptools/command/easy_install.py:159: EasyInstallDeprecationWarning: easy_install command is deprecated. Use build and pip and other standards-based tools.
[1.766s]   EasyInstallDeprecationWarning,
[1.768s] /home/piai/.local/lib/python3.6/site-packages/setuptools/command/install.py:37: SetuptoolsDeprecationWarning: setup.py install is deprecated. Use build and pip and other standards-based tools.
[1.768s]   setuptools.SetuptoolsDeprecationWarning,
[1.832s] /home/piai/.local/lib/python3.6/site-packages/pkg_resources/__init__.py:119: PkgResourcesDeprecationWarning: 0.18ubuntu0.18.04.1 is an invalid version and will not be supported in a future release
[1.832s]   PkgResourcesDeprecationWarning,
[1.924s] running egg_info
[1.924s] writing ocr_pkg.egg-info/PKG-INFO
[1.925s] writing dependency_links to ocr_pkg.egg-info/dependency_links.txt
[1.926s] writing entry points to ocr_pkg.egg-info/entry_points.txt
[1.927s] writing requirements to ocr_pkg.egg-info/requires.txt
[1.927s] writing top-level names to ocr_pkg.egg-info/top_level.txt
[1.929s] reading manifest file 'ocr_pkg.egg-info/SOURCES.txt'
[1.930s] writing manifest file 'ocr_pkg.egg-info/SOURCES.txt'
[1.931s] running build_ext
[1.932s] Creating /home/piai/robot_ws/install/ocr_pkg/lib/python3.6/site-packages/ocr-pkg.egg-link (link to .)
[1.933s] Installing ocr_publisher script to /home/piai/robot_ws/install/ocr_pkg/lib/ocr_pkg
[1.934s] Installing tts_subscriber script to /home/piai/robot_ws/install/ocr_pkg/lib/ocr_pkg
[1.934s] 
[1.934s] Installed /home/piai/robot_ws/build/ocr_pkg
[1.935s] running install_data
[1.974s] Invoked command in '/home/piai/robot_ws/build/ocr_pkg' returned '0': PYTHONPATH=/home/piai/robot_ws/install/ocr_pkg/lib/python3.6/site-packages:${PYTHONPATH} /usr/bin/python3 setup.py develop --prefix /home/piai/robot_ws/install/ocr_pkg --editable --build-directory /home/piai/robot_ws/build/ocr_pkg/build --no-deps install_data --install-dir /home/piai/robot_ws/install/ocr_pkg
