[1.183s] Invoking command in '/home/piai/robot_ws/build/tts_pkg': PYTHONPATH=/home/piai/robot_ws/install/tts_pkg/lib/python3.6/site-packages:${PYTHONPATH} /usr/bin/python3 setup.py develop --prefix /home/piai/robot_ws/install/tts_pkg --editable --build-directory /home/piai/robot_ws/build/tts_pkg/build --no-deps install_data --install-dir /home/piai/robot_ws/install/tts_pkg
[1.624s] /home/piai/.local/lib/python3.6/site-packages/setuptools/dist.py:726: UserWarning: Usage of dash-separated 'script-dir' will not be supported in future versions. Please use the underscore name 'script_dir' instead
[1.625s]   % (opt, underscore_opt)
[1.625s] /home/piai/.local/lib/python3.6/site-packages/setuptools/dist.py:726: UserWarning: Usage of dash-separated 'install-scripts' will not be supported in future versions. Please use the underscore name 'install_scripts' instead
[1.625s]   % (opt, underscore_opt)
[1.712s] running develop
[1.713s] /home/piai/.local/lib/python3.6/site-packages/setuptools/command/easy_install.py:159: EasyInstallDeprecationWarning: easy_install command is deprecated. Use build and pip and other standards-based tools.
[1.713s]   EasyInstallDeprecationWarning,
[1.715s] /home/piai/.local/lib/python3.6/site-packages/setuptools/command/install.py:37: SetuptoolsDeprecationWarning: setup.py install is deprecated. Use build and pip and other standards-based tools.
[1.715s]   setuptools.SetuptoolsDeprecationWarning,
[1.801s] /home/piai/.local/lib/python3.6/site-packages/pkg_resources/__init__.py:119: PkgResourcesDeprecationWarning: 0.18ubuntu0.18.04.1 is an invalid version and will not be supported in a future release
[1.801s]   PkgResourcesDeprecationWarning,
[1.952s] running egg_info
[1.952s] writing tts_pkg.egg-info/PKG-INFO
[1.952s] writing dependency_links to tts_pkg.egg-info/dependency_links.txt
[1.953s] writing entry points to tts_pkg.egg-info/entry_points.txt
[1.953s] writing requirements to tts_pkg.egg-info/requires.txt
[1.953s] writing top-level names to tts_pkg.egg-info/top_level.txt
[1.958s] reading manifest file 'tts_pkg.egg-info/SOURCES.txt'
[1.959s] writing manifest file 'tts_pkg.egg-info/SOURCES.txt'
[1.962s] running build_ext
[1.962s] Creating /home/piai/robot_ws/install/tts_pkg/lib/python3.6/site-packages/tts-pkg.egg-link (link to .)
[1.963s] Installing face_publisher script to /home/piai/robot_ws/install/tts_pkg/lib/tts_pkg
[1.964s] Installing face_subscriber script to /home/piai/robot_ws/install/tts_pkg/lib/tts_pkg
[1.964s] Installing ocr_publisher script to /home/piai/robot_ws/install/tts_pkg/lib/tts_pkg
[1.964s] Installing tts_subscriber script to /home/piai/robot_ws/install/tts_pkg/lib/tts_pkg
[1.964s] 
[1.964s] Installed /home/piai/robot_ws/build/tts_pkg
[1.964s] running install_data
[2.017s] Invoked command in '/home/piai/robot_ws/build/tts_pkg' returned '0': PYTHONPATH=/home/piai/robot_ws/install/tts_pkg/lib/python3.6/site-packages:${PYTHONPATH} /usr/bin/python3 setup.py develop --prefix /home/piai/robot_ws/install/tts_pkg --editable --build-directory /home/piai/robot_ws/build/tts_pkg/build --no-deps install_data --install-dir /home/piai/robot_ws/install/tts_pkg
