running develop
running egg_info
creating face_pkg.egg-info
writing face_pkg.egg-info/PKG-INFO
writing dependency_links to face_pkg.egg-info/dependency_links.txt
writing entry points to face_pkg.egg-info/entry_points.txt
writing requirements to face_pkg.egg-info/requires.txt
writing top-level names to face_pkg.egg-info/top_level.txt
writing manifest file 'face_pkg.egg-info/SOURCES.txt'
reading manifest file 'face_pkg.egg-info/SOURCES.txt'
writing manifest file 'face_pkg.egg-info/SOURCES.txt'
running build_ext
Creating /home/piai/robot_ws/install/face_pkg/lib/python3.6/site-packages/face-pkg.egg-link (link to .)
Installing face_publisher script to /home/piai/robot_ws/install/face_pkg/lib/face_pkg
Installing face_start_subscriber script to /home/piai/robot_ws/install/face_pkg/lib/face_pkg
Installing face_subscriber script to /home/piai/robot_ws/install/face_pkg/lib/face_pkg

Installed /home/piai/robot_ws/build/face_pkg
running install_data
creating /home/piai/robot_ws/install/face_pkg/share/ament_index
creating /home/piai/robot_ws/install/face_pkg/share/ament_index/resource_index
creating /home/piai/robot_ws/install/face_pkg/share/ament_index/resource_index/packages
copying resource/face_pkg -> /home/piai/robot_ws/install/face_pkg/share/ament_index/resource_index/packages
copying package.xml -> /home/piai/robot_ws/install/face_pkg/share/face_pkg
