[0.359s] DEBUG:colcon:Command line arguments: ['/usr/bin/colcon', 'build', '--symlink-install']
[0.360s] DEBUG:colcon:Parsed command line arguments: Namespace(ament_cmake_args=None, base_paths=['.'], build_base='build', catkin_cmake_args=None, catkin_skip_building_tests=False, cmake_args=None, cmake_clean_cache=False, cmake_clean_first=False, cmake_force_configure=False, cmake_target=None, cmake_target_skip_unavailable=False, continue_on_error=False, event_handlers=None, executor='parallel', ignore_user_meta=False, install_base='install', log_base=None, log_level=None, main=<bound method BuildVerb.main of <colcon_core.verb.build.BuildVerb object at 0x7f60a7a53d68>>, merge_install=False, metas=['./colcon.meta'], packages_above=None, packages_above_and_dependencies=None, packages_above_depth=None, packages_end=None, packages_ignore=None, packages_ignore_regex=None, packages_select=None, packages_select_build_failed=False, packages_select_by_dep=None, packages_select_regex=None, packages_select_test_failures=False, packages_skip=None, packages_skip_build_finished=False, packages_skip_by_dep=None, packages_skip_regex=None, packages_skip_test_passed=False, packages_skip_up_to=None, packages_start=None, packages_up_to=None, packages_up_to_regex=None, parallel_workers=8, paths=None, symlink_install=True, test_result_base=None, verb_extension=<colcon_core.verb.build.BuildVerb object at 0x7f60a7a53d68>, verb_name='build', verb_parser=<colcon_defaults.argument_parser.defaults.DefaultArgumentsDecorator object at 0x7f60a7566c50>)
[0.367s] Level 1:colcon.colcon_core.package_discovery:discover_packages(colcon_meta) check parameters
[0.367s] Level 1:colcon.colcon_core.package_discovery:discover_packages(recursive) check parameters
[0.367s] Level 1:colcon.colcon_core.package_discovery:discover_packages(ignore) check parameters
[0.367s] Level 1:colcon.colcon_core.package_discovery:discover_packages(path) check parameters
[0.367s] Level 1:colcon.colcon_core.package_discovery:discover_packages(colcon_meta) discover
[0.368s] Level 1:colcon.colcon_core.package_discovery:discover_packages(recursive) discover
[0.368s] INFO:colcon.colcon_core.package_discovery:Crawling recursively for packages in '/home/piai/robot_ws_last'
[0.368s] Level 1:colcon.colcon_core.package_identification:_identify(.) by extensions ['ignore', 'ignore_ament_install']
[0.368s] Level 1:colcon.colcon_core.package_identification:_identify(.) by extension 'ignore'
[0.368s] Level 1:colcon.colcon_core.package_identification:_identify(.) by extension 'ignore_ament_install'
[0.368s] Level 1:colcon.colcon_core.package_identification:_identify(.) by extensions ['colcon_pkg']
[0.368s] Level 1:colcon.colcon_core.package_identification:_identify(.) by extension 'colcon_pkg'
[0.368s] Level 1:colcon.colcon_core.package_identification:_identify(.) by extensions ['colcon_meta']
[0.368s] Level 1:colcon.colcon_core.package_identification:_identify(.) by extension 'colcon_meta'
[0.368s] Level 1:colcon.colcon_core.package_identification:_identify(.) by extensions ['ros']
[0.368s] Level 1:colcon.colcon_core.package_identification:_identify(.) by extension 'ros'
[0.453s] Level 1:colcon.colcon_core.package_identification:_identify(.) by extensions ['cmake', 'python']
[0.453s] Level 1:colcon.colcon_core.package_identification:_identify(.) by extension 'cmake'
[0.453s] Level 1:colcon.colcon_core.package_identification:_identify(.) by extension 'python'
[0.453s] Level 1:colcon.colcon_core.package_identification:_identify(.) by extensions ['python_setup_py']
[0.453s] Level 1:colcon.colcon_core.package_identification:_identify(.) by extension 'python_setup_py'
[0.453s] Level 1:colcon.colcon_core.package_identification:_identify(build) by extensions ['ignore', 'ignore_ament_install']
[0.454s] Level 1:colcon.colcon_core.package_identification:_identify(build) by extension 'ignore'
[0.454s] Level 1:colcon.colcon_core.package_identification:_identify(build) ignored
[0.454s] Level 1:colcon.colcon_core.package_identification:_identify(install) by extensions ['ignore', 'ignore_ament_install']
[0.454s] Level 1:colcon.colcon_core.package_identification:_identify(install) by extension 'ignore'
[0.454s] Level 1:colcon.colcon_core.package_identification:_identify(install) ignored
[0.454s] Level 1:colcon.colcon_core.package_identification:_identify(log) by extensions ['ignore', 'ignore_ament_install']
[0.454s] Level 1:colcon.colcon_core.package_identification:_identify(log) by extension 'ignore'
[0.454s] Level 1:colcon.colcon_core.package_identification:_identify(log) ignored
[0.455s] Level 1:colcon.colcon_core.package_identification:_identify(src) by extensions ['ignore', 'ignore_ament_install']
[0.455s] Level 1:colcon.colcon_core.package_identification:_identify(src) by extension 'ignore'
[0.455s] Level 1:colcon.colcon_core.package_identification:_identify(src) by extension 'ignore_ament_install'
[0.455s] Level 1:colcon.colcon_core.package_identification:_identify(src) by extensions ['colcon_pkg']
[0.455s] Level 1:colcon.colcon_core.package_identification:_identify(src) by extension 'colcon_pkg'
[0.455s] Level 1:colcon.colcon_core.package_identification:_identify(src) by extensions ['colcon_meta']
[0.455s] Level 1:colcon.colcon_core.package_identification:_identify(src) by extension 'colcon_meta'
[0.455s] Level 1:colcon.colcon_core.package_identification:_identify(src) by extensions ['ros']
[0.455s] Level 1:colcon.colcon_core.package_identification:_identify(src) by extension 'ros'
[0.455s] Level 1:colcon.colcon_core.package_identification:_identify(src) by extensions ['cmake', 'python']
[0.455s] Level 1:colcon.colcon_core.package_identification:_identify(src) by extension 'cmake'
[0.455s] Level 1:colcon.colcon_core.package_identification:_identify(src) by extension 'python'
[0.455s] Level 1:colcon.colcon_core.package_identification:_identify(src) by extensions ['python_setup_py']
[0.455s] Level 1:colcon.colcon_core.package_identification:_identify(src) by extension 'python_setup_py'
[0.455s] Level 1:colcon.colcon_core.package_identification:_identify(src/face_pkg) by extensions ['ignore', 'ignore_ament_install']
[0.455s] Level 1:colcon.colcon_core.package_identification:_identify(src/face_pkg) by extension 'ignore'
[0.456s] Level 1:colcon.colcon_core.package_identification:_identify(src/face_pkg) by extension 'ignore_ament_install'
[0.456s] Level 1:colcon.colcon_core.package_identification:_identify(src/face_pkg) by extensions ['colcon_pkg']
[0.456s] Level 1:colcon.colcon_core.package_identification:_identify(src/face_pkg) by extension 'colcon_pkg'
[0.456s] Level 1:colcon.colcon_core.package_identification:_identify(src/face_pkg) by extensions ['colcon_meta']
[0.456s] Level 1:colcon.colcon_core.package_identification:_identify(src/face_pkg) by extension 'colcon_meta'
[0.456s] Level 1:colcon.colcon_core.package_identification:_identify(src/face_pkg) by extensions ['ros']
[0.456s] Level 1:colcon.colcon_core.package_identification:_identify(src/face_pkg) by extension 'ros'
[0.460s] DEBUG:colcon.colcon_core.package_identification:Package 'src/face_pkg' with type 'ros.ament_python' and name 'face_pkg'
[0.460s] Level 1:colcon.colcon_core.package_identification:_identify(src/nav_pkg) by extensions ['ignore', 'ignore_ament_install']
[0.460s] Level 1:colcon.colcon_core.package_identification:_identify(src/nav_pkg) by extension 'ignore'
[0.460s] Level 1:colcon.colcon_core.package_identification:_identify(src/nav_pkg) by extension 'ignore_ament_install'
[0.461s] Level 1:colcon.colcon_core.package_identification:_identify(src/nav_pkg) by extensions ['colcon_pkg']
[0.461s] Level 1:colcon.colcon_core.package_identification:_identify(src/nav_pkg) by extension 'colcon_pkg'
[0.461s] Level 1:colcon.colcon_core.package_identification:_identify(src/nav_pkg) by extensions ['colcon_meta']
[0.461s] Level 1:colcon.colcon_core.package_identification:_identify(src/nav_pkg) by extension 'colcon_meta'
[0.461s] Level 1:colcon.colcon_core.package_identification:_identify(src/nav_pkg) by extensions ['ros']
[0.461s] Level 1:colcon.colcon_core.package_identification:_identify(src/nav_pkg) by extension 'ros'
[0.462s] DEBUG:colcon.colcon_core.package_identification:Package 'src/nav_pkg' with type 'ros.ament_python' and name 'nav_pkg'
[0.462s] Level 1:colcon.colcon_core.package_identification:_identify(src/ocr_pkg) by extensions ['ignore', 'ignore_ament_install']
[0.462s] Level 1:colcon.colcon_core.package_identification:_identify(src/ocr_pkg) by extension 'ignore'
[0.462s] Level 1:colcon.colcon_core.package_identification:_identify(src/ocr_pkg) by extension 'ignore_ament_install'
[0.462s] Level 1:colcon.colcon_core.package_identification:_identify(src/ocr_pkg) by extensions ['colcon_pkg']
[0.462s] Level 1:colcon.colcon_core.package_identification:_identify(src/ocr_pkg) by extension 'colcon_pkg'
[0.462s] Level 1:colcon.colcon_core.package_identification:_identify(src/ocr_pkg) by extensions ['colcon_meta']
[0.462s] Level 1:colcon.colcon_core.package_identification:_identify(src/ocr_pkg) by extension 'colcon_meta'
[0.462s] Level 1:colcon.colcon_core.package_identification:_identify(src/ocr_pkg) by extensions ['ros']
[0.462s] Level 1:colcon.colcon_core.package_identification:_identify(src/ocr_pkg) by extension 'ros'
[0.463s] DEBUG:colcon.colcon_core.package_identification:Package 'src/ocr_pkg' with type 'ros.ament_python' and name 'ocr_pkg'
[0.463s] Level 1:colcon.colcon_core.package_identification:_identify(src/tts_pkg) by extensions ['ignore', 'ignore_ament_install']
[0.463s] Level 1:colcon.colcon_core.package_identification:_identify(src/tts_pkg) by extension 'ignore'
[0.464s] Level 1:colcon.colcon_core.package_identification:_identify(src/tts_pkg) by extension 'ignore_ament_install'
[0.464s] Level 1:colcon.colcon_core.package_identification:_identify(src/tts_pkg) by extensions ['colcon_pkg']
[0.464s] Level 1:colcon.colcon_core.package_identification:_identify(src/tts_pkg) by extension 'colcon_pkg'
[0.464s] Level 1:colcon.colcon_core.package_identification:_identify(src/tts_pkg) by extensions ['colcon_meta']
[0.464s] Level 1:colcon.colcon_core.package_identification:_identify(src/tts_pkg) by extension 'colcon_meta'
[0.464s] Level 1:colcon.colcon_core.package_identification:_identify(src/tts_pkg) by extensions ['ros']
[0.464s] Level 1:colcon.colcon_core.package_identification:_identify(src/tts_pkg) by extension 'ros'
[0.464s] DEBUG:colcon.colcon_core.package_identification:Failed to parse potential ROS package manifest in'src/tts_pkg': Error(s) in package 'src/tts_pkg/package.xml':
The manifest contains invalid XML:
XML or text declaration not at start of entity: line 2, column 0
[0.464s] Level 1:colcon.colcon_core.package_identification:_identify(src/tts_pkg) by extensions ['cmake', 'python']
[0.464s] Level 1:colcon.colcon_core.package_identification:_identify(src/tts_pkg) by extension 'cmake'
[0.464s] Level 1:colcon.colcon_core.package_identification:_identify(src/tts_pkg) by extension 'python'
[0.464s] DEBUG:colcon.colcon_core.package_identification:Python package in 'src/tts_pkg' passes arguments to the setup() function which requires a different identification extension than 'python'
[0.465s] Level 1:colcon.colcon_core.package_identification:_identify(src/tts_pkg) by extensions ['python_setup_py']
[0.465s] Level 1:colcon.colcon_core.package_identification:_identify(src/tts_pkg) by extension 'python_setup_py'
[0.865s] ERROR:colcon.colcon_core.package_identification:Exception in package identification extension 'python_setup_py' in 'src/tts_pkg': Command '['/usr/bin/python3', '-c', "import sys;from setuptools.extern.packaging.specifiers import SpecifierSet;from distutils.core import run_setup;dist = run_setup(    'setup.py', script_args=('--dry-run',), stop_after='config');skip_keys = ('cmdclass', 'distclass', 'ext_modules', 'metadata');data = {    key: value for key, value in dist.__dict__.items()     if (        not key.startswith('_') and         not callable(value) and         key not in skip_keys and         key not in dist.display_option_names    )};data['metadata'] = {    k: v for k, v in dist.metadata.__dict__.items()     if k not in ('license_files', 'provides_extras')};sys.stdout.buffer.write(repr(data).encode('utf-8'))"]' returned non-zero exit status 1.
Traceback (most recent call last):
  File "/usr/lib/python3/dist-packages/colcon_core/package_identification/__init__.py", line 143, in _identify
    retval = extension.identify(_reused_descriptor_instance)
  File "/usr/lib/python3/dist-packages/colcon_python_setup_py/package_identification/python_setup_py.py", line 48, in identify
    config = get_setup_information(setup_py)
  File "/usr/lib/python3/dist-packages/colcon_python_setup_py/package_identification/python_setup_py.py", line 242, in get_setup_information
    setup_py, env=env)
  File "/usr/lib/python3/dist-packages/colcon_python_setup_py/package_identification/python_setup_py.py", line 283, in _get_setup_information
    cwd=os.path.abspath(str(setup_py.parent)), check=True, env=env)
  File "/usr/lib/python3.6/subprocess.py", line 438, in run
    output=stdout, stderr=stderr)
subprocess.CalledProcessError: Command '['/usr/bin/python3', '-c', "import sys;from setuptools.extern.packaging.specifiers import SpecifierSet;from distutils.core import run_setup;dist = run_setup(    'setup.py', script_args=('--dry-run',), stop_after='config');skip_keys = ('cmdclass', 'distclass', 'ext_modules', 'metadata');data = {    key: value for key, value in dist.__dict__.items()     if (        not key.startswith('_') and         not callable(value) and         key not in skip_keys and         key not in dist.display_option_names    )};data['metadata'] = {    k: v for k, v in dist.metadata.__dict__.items()     if k not in ('license_files', 'provides_extras')};sys.stdout.buffer.write(repr(data).encode('utf-8'))"]' returned non-zero exit status 1.

[0.866s] Level 1:colcon.colcon_core.package_identification:_identify(src/tts_pkg/resource) by extensions ['ignore', 'ignore_ament_install']
[0.867s] Level 1:colcon.colcon_core.package_identification:_identify(src/tts_pkg/resource) by extension 'ignore'
[0.867s] Level 1:colcon.colcon_core.package_identification:_identify(src/tts_pkg/resource) by extension 'ignore_ament_install'
[0.867s] Level 1:colcon.colcon_core.package_identification:_identify(src/tts_pkg/resource) by extensions ['colcon_pkg']
[0.867s] Level 1:colcon.colcon_core.package_identification:_identify(src/tts_pkg/resource) by extension 'colcon_pkg'
[0.868s] Level 1:colcon.colcon_core.package_identification:_identify(src/tts_pkg/resource) by extensions ['colcon_meta']
[0.868s] Level 1:colcon.colcon_core.package_identification:_identify(src/tts_pkg/resource) by extension 'colcon_meta'
[0.868s] Level 1:colcon.colcon_core.package_identification:_identify(src/tts_pkg/resource) by extensions ['ros']
[0.868s] Level 1:colcon.colcon_core.package_identification:_identify(src/tts_pkg/resource) by extension 'ros'
[0.868s] Level 1:colcon.colcon_core.package_identification:_identify(src/tts_pkg/resource) by extensions ['cmake', 'python']
[0.869s] Level 1:colcon.colcon_core.package_identification:_identify(src/tts_pkg/resource) by extension 'cmake'
[0.869s] Level 1:colcon.colcon_core.package_identification:_identify(src/tts_pkg/resource) by extension 'python'
[0.869s] Level 1:colcon.colcon_core.package_identification:_identify(src/tts_pkg/resource) by extensions ['python_setup_py']
[0.869s] Level 1:colcon.colcon_core.package_identification:_identify(src/tts_pkg/resource) by extension 'python_setup_py'
[0.869s] Level 1:colcon.colcon_core.package_identification:_identify(src/tts_pkg/test) by extensions ['ignore', 'ignore_ament_install']
[0.870s] Level 1:colcon.colcon_core.package_identification:_identify(src/tts_pkg/test) by extension 'ignore'
[0.870s] Level 1:colcon.colcon_core.package_identification:_identify(src/tts_pkg/test) by extension 'ignore_ament_install'
[0.870s] Level 1:colcon.colcon_core.package_identification:_identify(src/tts_pkg/test) by extensions ['colcon_pkg']
[0.870s] Level 1:colcon.colcon_core.package_identification:_identify(src/tts_pkg/test) by extension 'colcon_pkg'
[0.871s] Level 1:colcon.colcon_core.package_identification:_identify(src/tts_pkg/test) by extensions ['colcon_meta']
[0.871s] Level 1:colcon.colcon_core.package_identification:_identify(src/tts_pkg/test) by extension 'colcon_meta'
[0.871s] Level 1:colcon.colcon_core.package_identification:_identify(src/tts_pkg/test) by extensions ['ros']
[0.871s] Level 1:colcon.colcon_core.package_identification:_identify(src/tts_pkg/test) by extension 'ros'
[0.871s] Level 1:colcon.colcon_core.package_identification:_identify(src/tts_pkg/test) by extensions ['cmake', 'python']
[0.871s] Level 1:colcon.colcon_core.package_identification:_identify(src/tts_pkg/test) by extension 'cmake'
[0.872s] Level 1:colcon.colcon_core.package_identification:_identify(src/tts_pkg/test) by extension 'python'
[0.872s] Level 1:colcon.colcon_core.package_identification:_identify(src/tts_pkg/test) by extensions ['python_setup_py']
[0.872s] Level 1:colcon.colcon_core.package_identification:_identify(src/tts_pkg/test) by extension 'python_setup_py'
[0.872s] Level 1:colcon.colcon_core.package_identification:_identify(src/tts_pkg/tts_pkg) by extensions ['ignore', 'ignore_ament_install']
[0.873s] Level 1:colcon.colcon_core.package_identification:_identify(src/tts_pkg/tts_pkg) by extension 'ignore'
[0.873s] Level 1:colcon.colcon_core.package_identification:_identify(src/tts_pkg/tts_pkg) by extension 'ignore_ament_install'
[0.873s] Level 1:colcon.colcon_core.package_identification:_identify(src/tts_pkg/tts_pkg) by extensions ['colcon_pkg']
[0.873s] Level 1:colcon.colcon_core.package_identification:_identify(src/tts_pkg/tts_pkg) by extension 'colcon_pkg'
[0.873s] Level 1:colcon.colcon_core.package_identification:_identify(src/tts_pkg/tts_pkg) by extensions ['colcon_meta']
[0.874s] Level 1:colcon.colcon_core.package_identification:_identify(src/tts_pkg/tts_pkg) by extension 'colcon_meta'
[0.874s] Level 1:colcon.colcon_core.package_identification:_identify(src/tts_pkg/tts_pkg) by extensions ['ros']
[0.874s] Level 1:colcon.colcon_core.package_identification:_identify(src/tts_pkg/tts_pkg) by extension 'ros'
[0.874s] Level 1:colcon.colcon_core.package_identification:_identify(src/tts_pkg/tts_pkg) by extensions ['cmake', 'python']
[0.874s] Level 1:colcon.colcon_core.package_identification:_identify(src/tts_pkg/tts_pkg) by extension 'cmake'
[0.874s] Level 1:colcon.colcon_core.package_identification:_identify(src/tts_pkg/tts_pkg) by extension 'python'
[0.875s] Level 1:colcon.colcon_core.package_identification:_identify(src/tts_pkg/tts_pkg) by extensions ['python_setup_py']
[0.875s] Level 1:colcon.colcon_core.package_identification:_identify(src/tts_pkg/tts_pkg) by extension 'python_setup_py'
[0.875s] Level 1:colcon.colcon_core.package_identification:_identify(src/tts_pkg/tts_pkg/__pycache__) by extensions ['ignore', 'ignore_ament_install']
[0.876s] Level 1:colcon.colcon_core.package_identification:_identify(src/tts_pkg/tts_pkg/__pycache__) by extension 'ignore'
[0.876s] Level 1:colcon.colcon_core.package_identification:_identify(src/tts_pkg/tts_pkg/__pycache__) by extension 'ignore_ament_install'
[0.876s] Level 1:colcon.colcon_core.package_identification:_identify(src/tts_pkg/tts_pkg/__pycache__) by extensions ['colcon_pkg']
[0.876s] Level 1:colcon.colcon_core.package_identification:_identify(src/tts_pkg/tts_pkg/__pycache__) by extension 'colcon_pkg'
[0.876s] Level 1:colcon.colcon_core.package_identification:_identify(src/tts_pkg/tts_pkg/__pycache__) by extensions ['colcon_meta']
[0.876s] Level 1:colcon.colcon_core.package_identification:_identify(src/tts_pkg/tts_pkg/__pycache__) by extension 'colcon_meta'
[0.877s] Level 1:colcon.colcon_core.package_identification:_identify(src/tts_pkg/tts_pkg/__pycache__) by extensions ['ros']
[0.877s] Level 1:colcon.colcon_core.package_identification:_identify(src/tts_pkg/tts_pkg/__pycache__) by extension 'ros'
[0.877s] Level 1:colcon.colcon_core.package_identification:_identify(src/tts_pkg/tts_pkg/__pycache__) by extensions ['cmake', 'python']
[0.877s] Level 1:colcon.colcon_core.package_identification:_identify(src/tts_pkg/tts_pkg/__pycache__) by extension 'cmake'
[0.877s] Level 1:colcon.colcon_core.package_identification:_identify(src/tts_pkg/tts_pkg/__pycache__) by extension 'python'
[0.877s] Level 1:colcon.colcon_core.package_identification:_identify(src/tts_pkg/tts_pkg/__pycache__) by extensions ['python_setup_py']
[0.878s] Level 1:colcon.colcon_core.package_identification:_identify(src/tts_pkg/tts_pkg/__pycache__) by extension 'python_setup_py'
[0.878s] Level 1:colcon.colcon_core.package_discovery:discover_packages(recursive) using defaults
[0.879s] Level 1:colcon.colcon_core.package_discovery:discover_packages(ignore) discover
[0.879s] Level 1:colcon.colcon_core.package_discovery:discover_packages(ignore) using defaults
[0.879s] Level 1:colcon.colcon_core.package_discovery:discover_packages(path) discover
[0.879s] Level 1:colcon.colcon_core.package_discovery:discover_packages(path) using defaults
[0.914s] Level 5:colcon.colcon_core.verb:set package 'face_pkg' build argument 'cmake_args' from command line to 'None'
[0.915s] Level 5:colcon.colcon_core.verb:set package 'face_pkg' build argument 'cmake_target' from command line to 'None'
[0.915s] Level 5:colcon.colcon_core.verb:set package 'face_pkg' build argument 'cmake_target_skip_unavailable' from command line to 'False'
[0.915s] Level 5:colcon.colcon_core.verb:set package 'face_pkg' build argument 'cmake_clean_cache' from command line to 'False'
[0.915s] Level 5:colcon.colcon_core.verb:set package 'face_pkg' build argument 'cmake_clean_first' from command line to 'False'
[0.915s] Level 5:colcon.colcon_core.verb:set package 'face_pkg' build argument 'cmake_force_configure' from command line to 'False'
[0.915s] Level 5:colcon.colcon_core.verb:set package 'face_pkg' build argument 'ament_cmake_args' from command line to 'None'
[0.915s] Level 5:colcon.colcon_core.verb:set package 'face_pkg' build argument 'catkin_cmake_args' from command line to 'None'
[0.915s] Level 5:colcon.colcon_core.verb:set package 'face_pkg' build argument 'catkin_skip_building_tests' from command line to 'False'
[0.915s] DEBUG:colcon.colcon_core.verb:Building package 'face_pkg' with the following arguments: {'ament_cmake_args': None, 'build_base': '/home/piai/robot_ws_last/build/face_pkg', 'catkin_cmake_args': None, 'catkin_skip_building_tests': False, 'cmake_args': None, 'cmake_clean_cache': False, 'cmake_clean_first': False, 'cmake_force_configure': False, 'cmake_target': None, 'cmake_target_skip_unavailable': False, 'install_base': '/home/piai/robot_ws_last/install/face_pkg', 'merge_install': False, 'path': '/home/piai/robot_ws_last/src/face_pkg', 'symlink_install': True, 'test_result_base': None}
[0.918s] Level 5:colcon.colcon_core.verb:set package 'nav_pkg' build argument 'cmake_args' from command line to 'None'
[0.919s] Level 5:colcon.colcon_core.verb:set package 'nav_pkg' build argument 'cmake_target' from command line to 'None'
[0.919s] Level 5:colcon.colcon_core.verb:set package 'nav_pkg' build argument 'cmake_target_skip_unavailable' from command line to 'False'
[0.919s] Level 5:colcon.colcon_core.verb:set package 'nav_pkg' build argument 'cmake_clean_cache' from command line to 'False'
[0.919s] Level 5:colcon.colcon_core.verb:set package 'nav_pkg' build argument 'cmake_clean_first' from command line to 'False'
[0.919s] Level 5:colcon.colcon_core.verb:set package 'nav_pkg' build argument 'cmake_force_configure' from command line to 'False'
[0.919s] Level 5:colcon.colcon_core.verb:set package 'nav_pkg' build argument 'ament_cmake_args' from command line to 'None'
[0.919s] Level 5:colcon.colcon_core.verb:set package 'nav_pkg' build argument 'catkin_cmake_args' from command line to 'None'
[0.919s] Level 5:colcon.colcon_core.verb:set package 'nav_pkg' build argument 'catkin_skip_building_tests' from command line to 'False'
[0.919s] DEBUG:colcon.colcon_core.verb:Building package 'nav_pkg' with the following arguments: {'ament_cmake_args': None, 'build_base': '/home/piai/robot_ws_last/build/nav_pkg', 'catkin_cmake_args': None, 'catkin_skip_building_tests': False, 'cmake_args': None, 'cmake_clean_cache': False, 'cmake_clean_first': False, 'cmake_force_configure': False, 'cmake_target': None, 'cmake_target_skip_unavailable': False, 'install_base': '/home/piai/robot_ws_last/install/nav_pkg', 'merge_install': False, 'path': '/home/piai/robot_ws_last/src/nav_pkg', 'symlink_install': True, 'test_result_base': None}
[0.922s] Level 5:colcon.colcon_core.verb:set package 'ocr_pkg' build argument 'cmake_args' from command line to 'None'
[0.922s] Level 5:colcon.colcon_core.verb:set package 'ocr_pkg' build argument 'cmake_target' from command line to 'None'
[0.922s] Level 5:colcon.colcon_core.verb:set package 'ocr_pkg' build argument 'cmake_target_skip_unavailable' from command line to 'False'
[0.923s] Level 5:colcon.colcon_core.verb:set package 'ocr_pkg' build argument 'cmake_clean_cache' from command line to 'False'
[0.923s] Level 5:colcon.colcon_core.verb:set package 'ocr_pkg' build argument 'cmake_clean_first' from command line to 'False'
[0.923s] Level 5:colcon.colcon_core.verb:set package 'ocr_pkg' build argument 'cmake_force_configure' from command line to 'False'
[0.923s] Level 5:colcon.colcon_core.verb:set package 'ocr_pkg' build argument 'ament_cmake_args' from command line to 'None'
[0.923s] Level 5:colcon.colcon_core.verb:set package 'ocr_pkg' build argument 'catkin_cmake_args' from command line to 'None'
[0.923s] Level 5:colcon.colcon_core.verb:set package 'ocr_pkg' build argument 'catkin_skip_building_tests' from command line to 'False'
[0.923s] DEBUG:colcon.colcon_core.verb:Building package 'ocr_pkg' with the following arguments: {'ament_cmake_args': None, 'build_base': '/home/piai/robot_ws_last/build/ocr_pkg', 'catkin_cmake_args': None, 'catkin_skip_building_tests': False, 'cmake_args': None, 'cmake_clean_cache': False, 'cmake_clean_first': False, 'cmake_force_configure': False, 'cmake_target': None, 'cmake_target_skip_unavailable': False, 'install_base': '/home/piai/robot_ws_last/install/ocr_pkg', 'merge_install': False, 'path': '/home/piai/robot_ws_last/src/ocr_pkg', 'symlink_install': True, 'test_result_base': None}
[0.923s] INFO:colcon.colcon_core.executor:Executing jobs using 'parallel' executor
[0.926s] DEBUG:colcon.colcon_parallel_executor.executor.parallel:run_until_complete
[0.927s] INFO:colcon.colcon_ros.task.ament_python.build:Building ROS package in '/home/piai/robot_ws_last/src/face_pkg' with build type 'ament_python'
[0.927s] Level 1:colcon.colcon_core.shell:create_environment_hook('face_pkg', 'ament_prefix_path')
[0.934s] INFO:colcon.colcon_core.plugin_system:Skipping extension 'colcon_core.shell.bat': Not used on non-Windows systems
[0.935s] INFO:colcon.colcon_core.shell:Creating environment hook '/home/piai/robot_ws_last/install/face_pkg/share/face_pkg/hook/ament_prefix_path.ps1'
[0.936s] INFO:colcon.colcon_core.shell:Creating environment descriptor '/home/piai/robot_ws_last/install/face_pkg/share/face_pkg/hook/ament_prefix_path.dsv'
[0.937s] INFO:colcon.colcon_core.shell:Creating environment hook '/home/piai/robot_ws_last/install/face_pkg/share/face_pkg/hook/ament_prefix_path.sh'
[0.939s] INFO:colcon.colcon_core.shell:Skip shell extension 'powershell' for command environment: Not usable outside of PowerShell
[0.939s] DEBUG:colcon.colcon_core.shell:Skip shell extension 'dsv' for command environment
[0.944s] DEBUG:colcon.colcon_core.shell:Ignoring prefix path '/opt/ros/dashing'
[0.950s] INFO:colcon.colcon_ros.task.ament_python.build:Building ROS package in '/home/piai/robot_ws_last/src/nav_pkg' with build type 'ament_python'
[0.950s] Level 1:colcon.colcon_core.shell:create_environment_hook('nav_pkg', 'ament_prefix_path')
[0.952s] INFO:colcon.colcon_core.shell:Creating environment hook '/home/piai/robot_ws_last/install/nav_pkg/share/nav_pkg/hook/ament_prefix_path.ps1'
[0.952s] INFO:colcon.colcon_core.shell:Creating environment descriptor '/home/piai/robot_ws_last/install/nav_pkg/share/nav_pkg/hook/ament_prefix_path.dsv'
[0.953s] INFO:colcon.colcon_core.shell:Creating environment hook '/home/piai/robot_ws_last/install/nav_pkg/share/nav_pkg/hook/ament_prefix_path.sh'
[0.954s] INFO:colcon.colcon_core.shell:Skip shell extension 'powershell' for command environment: Not usable outside of PowerShell
[0.954s] DEBUG:colcon.colcon_core.shell:Skip shell extension 'dsv' for command environment
[0.957s] DEBUG:colcon.colcon_core.shell:Ignoring prefix path '/opt/ros/dashing'
[0.961s] INFO:colcon.colcon_ros.task.ament_python.build:Building ROS package in '/home/piai/robot_ws_last/src/ocr_pkg' with build type 'ament_python'
[0.962s] Level 1:colcon.colcon_core.shell:create_environment_hook('ocr_pkg', 'ament_prefix_path')
[0.964s] INFO:colcon.colcon_core.shell:Creating environment hook '/home/piai/robot_ws_last/install/ocr_pkg/share/ocr_pkg/hook/ament_prefix_path.ps1'
[0.965s] INFO:colcon.colcon_core.shell:Creating environment descriptor '/home/piai/robot_ws_last/install/ocr_pkg/share/ocr_pkg/hook/ament_prefix_path.dsv'
[0.965s] INFO:colcon.colcon_core.shell:Creating environment hook '/home/piai/robot_ws_last/install/ocr_pkg/share/ocr_pkg/hook/ament_prefix_path.sh'
[0.967s] INFO:colcon.colcon_core.shell:Skip shell extension 'powershell' for command environment: Not usable outside of PowerShell
[0.967s] DEBUG:colcon.colcon_core.shell:Skip shell extension 'dsv' for command environment
[0.970s] DEBUG:colcon.colcon_core.shell:Ignoring prefix path '/opt/ros/dashing'
[1.361s] INFO:colcon.colcon_core.task.python.build:Building Python package in '/home/piai/robot_ws_last/src/face_pkg'
[1.363s] INFO:colcon.colcon_core.shell:Skip shell extension 'powershell' for command environment: Not usable outside of PowerShell
[1.363s] DEBUG:colcon.colcon_core.shell:Skip shell extension 'dsv' for command environment
[1.365s] DEBUG:colcon.colcon_core.shell:Ignoring prefix path '/opt/ros/dashing'
[1.762s] INFO:colcon.colcon_core.task.python.build:Building Python package in '/home/piai/robot_ws_last/src/nav_pkg'
[1.765s] INFO:colcon.colcon_core.shell:Skip shell extension 'powershell' for command environment: Not usable outside of PowerShell
[1.765s] DEBUG:colcon.colcon_core.shell:Skip shell extension 'dsv' for command environment
[1.772s] DEBUG:colcon.colcon_core.shell:Ignoring prefix path '/opt/ros/dashing'
[2.246s] INFO:colcon.colcon_core.task.python.build:Building Python package in '/home/piai/robot_ws_last/src/ocr_pkg'
[2.250s] INFO:colcon.colcon_core.shell:Skip shell extension 'powershell' for command environment: Not usable outside of PowerShell
[2.250s] DEBUG:colcon.colcon_core.shell:Skip shell extension 'dsv' for command environment
[2.258s] DEBUG:colcon.colcon_core.shell:Ignoring prefix path '/opt/ros/dashing'
[2.280s] DEBUG:colcon.colcon_core.event_handler.log_command:Invoking command in '/home/piai/robot_ws_last/build/face_pkg': PYTHONPATH=/home/piai/robot_ws_last/install/face_pkg/lib/python3.6/site-packages:${PYTHONPATH} /usr/bin/python3 setup.py develop --prefix /home/piai/robot_ws_last/install/face_pkg --editable --build-directory /home/piai/robot_ws_last/build/face_pkg/build --no-deps install_data --install-dir /home/piai/robot_ws_last/install/face_pkg
[2.296s] DEBUG:colcon.colcon_core.event_handler.log_command:Invoking command in '/home/piai/robot_ws_last/build/nav_pkg': PYTHONPATH=/home/piai/robot_ws_last/install/nav_pkg/lib/python3.6/site-packages:${PYTHONPATH} /usr/bin/python3 setup.py develop --prefix /home/piai/robot_ws_last/install/nav_pkg --editable --build-directory /home/piai/robot_ws_last/build/nav_pkg/build --no-deps install_data --install-dir /home/piai/robot_ws_last/install/nav_pkg
[2.306s] DEBUG:colcon.colcon_core.event_handler.log_command:Invoking command in '/home/piai/robot_ws_last/build/ocr_pkg': PYTHONPATH=/home/piai/robot_ws_last/install/ocr_pkg/lib/python3.6/site-packages:${PYTHONPATH} /usr/bin/python3 setup.py develop --prefix /home/piai/robot_ws_last/install/ocr_pkg --editable --build-directory /home/piai/robot_ws_last/build/ocr_pkg/build --no-deps install_data --install-dir /home/piai/robot_ws_last/install/ocr_pkg
[2.854s] Level 1:colcon.colcon_core.shell:create_environment_hook('face_pkg', 'pythonpath_develop')
[2.858s] INFO:colcon.colcon_core.shell:Creating environment hook '/home/piai/robot_ws_last/build/face_pkg/share/face_pkg/hook/pythonpath_develop.ps1'
[2.860s] DEBUG:colcon.colcon_core.event_handler.log_command:Invoked command in '/home/piai/robot_ws_last/build/face_pkg' returned '0': PYTHONPATH=/home/piai/robot_ws_last/install/face_pkg/lib/python3.6/site-packages:${PYTHONPATH} /usr/bin/python3 setup.py develop --prefix /home/piai/robot_ws_last/install/face_pkg --editable --build-directory /home/piai/robot_ws_last/build/face_pkg/build --no-deps install_data --install-dir /home/piai/robot_ws_last/install/face_pkg
[2.861s] INFO:colcon.colcon_core.shell:Creating environment descriptor '/home/piai/robot_ws_last/build/face_pkg/share/face_pkg/hook/pythonpath_develop.dsv'
[2.862s] INFO:colcon.colcon_core.shell:Creating environment hook '/home/piai/robot_ws_last/build/face_pkg/share/face_pkg/hook/pythonpath_develop.sh'
[2.867s] Level 1:colcon.colcon_core.environment:checking '/home/piai/robot_ws_last/install/face_pkg' for CMake module files
[2.868s] Level 1:colcon.colcon_core.environment:checking '/home/piai/robot_ws_last/install/face_pkg' for CMake config files
[2.870s] Level 1:colcon.colcon_core.environment:checking '/home/piai/robot_ws_last/install/face_pkg/lib'
[2.870s] Level 1:colcon.colcon_core.environment:checking '/home/piai/robot_ws_last/install/face_pkg/bin'
[2.870s] Level 1:colcon.colcon_core.environment:checking '/home/piai/robot_ws_last/install/face_pkg/lib/pkgconfig/face_pkg.pc'
[2.870s] Level 1:colcon.colcon_core.environment:checking '/home/piai/robot_ws_last/install/face_pkg/lib/python3.6/site-packages'
[2.870s] Level 1:colcon.colcon_core.shell:create_environment_hook('face_pkg', 'pythonpath')
[2.871s] INFO:colcon.colcon_core.shell:Creating environment hook '/home/piai/robot_ws_last/install/face_pkg/share/face_pkg/hook/pythonpath.ps1'
[2.872s] INFO:colcon.colcon_core.shell:Creating environment descriptor '/home/piai/robot_ws_last/install/face_pkg/share/face_pkg/hook/pythonpath.dsv'
[2.872s] INFO:colcon.colcon_core.shell:Creating environment hook '/home/piai/robot_ws_last/install/face_pkg/share/face_pkg/hook/pythonpath.sh'
[2.872s] Level 1:colcon.colcon_core.environment:create_environment_scripts_only(face_pkg)
[2.874s] INFO:colcon.colcon_core.shell:Creating package script '/home/piai/robot_ws_last/install/face_pkg/share/face_pkg/package.ps1'
[2.875s] INFO:colcon.colcon_core.shell:Creating package descriptor '/home/piai/robot_ws_last/install/face_pkg/share/face_pkg/package.dsv'
[2.876s] INFO:colcon.colcon_core.shell:Creating package script '/home/piai/robot_ws_last/install/face_pkg/share/face_pkg/package.sh'
[2.877s] INFO:colcon.colcon_core.shell:Creating package script '/home/piai/robot_ws_last/install/face_pkg/share/face_pkg/package.bash'
[2.878s] INFO:colcon.colcon_core.shell:Creating package script '/home/piai/robot_ws_last/install/face_pkg/share/face_pkg/package.zsh'
[2.879s] Level 1:colcon.colcon_core.environment:create_file_with_runtime_dependencies(/home/piai/robot_ws_last/install/face_pkg/share/colcon-core/packages/face_pkg)
[2.880s] Level 1:colcon.colcon_core.shell:create_environment_hook('nav_pkg', 'pythonpath_develop')
[2.881s] INFO:colcon.colcon_core.shell:Creating environment hook '/home/piai/robot_ws_last/build/nav_pkg/share/nav_pkg/hook/pythonpath_develop.ps1'
[2.882s] INFO:colcon.colcon_core.shell:Creating environment descriptor '/home/piai/robot_ws_last/build/nav_pkg/share/nav_pkg/hook/pythonpath_develop.dsv'
[2.883s] DEBUG:colcon.colcon_core.event_handler.log_command:Invoked command in '/home/piai/robot_ws_last/build/nav_pkg' returned '0': PYTHONPATH=/home/piai/robot_ws_last/install/nav_pkg/lib/python3.6/site-packages:${PYTHONPATH} /usr/bin/python3 setup.py develop --prefix /home/piai/robot_ws_last/install/nav_pkg --editable --build-directory /home/piai/robot_ws_last/build/nav_pkg/build --no-deps install_data --install-dir /home/piai/robot_ws_last/install/nav_pkg
[2.883s] INFO:colcon.colcon_core.shell:Creating environment hook '/home/piai/robot_ws_last/build/nav_pkg/share/nav_pkg/hook/pythonpath_develop.sh'
[2.885s] Level 1:colcon.colcon_core.environment:checking '/home/piai/robot_ws_last/install/nav_pkg' for CMake module files
[2.885s] Level 1:colcon.colcon_core.environment:checking '/home/piai/robot_ws_last/install/nav_pkg' for CMake config files
[2.886s] Level 1:colcon.colcon_core.environment:checking '/home/piai/robot_ws_last/install/nav_pkg/lib'
[2.886s] Level 1:colcon.colcon_core.environment:checking '/home/piai/robot_ws_last/install/nav_pkg/bin'
[2.886s] Level 1:colcon.colcon_core.environment:checking '/home/piai/robot_ws_last/install/nav_pkg/lib/pkgconfig/nav_pkg.pc'
[2.886s] Level 1:colcon.colcon_core.environment:checking '/home/piai/robot_ws_last/install/nav_pkg/lib/python3.6/site-packages'
[2.886s] Level 1:colcon.colcon_core.shell:create_environment_hook('nav_pkg', 'pythonpath')
[2.887s] INFO:colcon.colcon_core.shell:Creating environment hook '/home/piai/robot_ws_last/install/nav_pkg/share/nav_pkg/hook/pythonpath.ps1'
[2.887s] INFO:colcon.colcon_core.shell:Creating environment descriptor '/home/piai/robot_ws_last/install/nav_pkg/share/nav_pkg/hook/pythonpath.dsv'
[2.888s] INFO:colcon.colcon_core.shell:Creating environment hook '/home/piai/robot_ws_last/install/nav_pkg/share/nav_pkg/hook/pythonpath.sh'
[2.888s] Level 1:colcon.colcon_core.environment:create_environment_scripts_only(nav_pkg)
[2.889s] INFO:colcon.colcon_core.shell:Creating package script '/home/piai/robot_ws_last/install/nav_pkg/share/nav_pkg/package.ps1'
[2.889s] INFO:colcon.colcon_core.shell:Creating package descriptor '/home/piai/robot_ws_last/install/nav_pkg/share/nav_pkg/package.dsv'
[2.890s] INFO:colcon.colcon_core.shell:Creating package script '/home/piai/robot_ws_last/install/nav_pkg/share/nav_pkg/package.sh'
[2.890s] INFO:colcon.colcon_core.shell:Creating package script '/home/piai/robot_ws_last/install/nav_pkg/share/nav_pkg/package.bash'
[2.890s] INFO:colcon.colcon_core.shell:Creating package script '/home/piai/robot_ws_last/install/nav_pkg/share/nav_pkg/package.zsh'
[2.891s] Level 1:colcon.colcon_core.environment:create_file_with_runtime_dependencies(/home/piai/robot_ws_last/install/nav_pkg/share/colcon-core/packages/nav_pkg)
[2.892s] Level 1:colcon.colcon_core.shell:create_environment_hook('ocr_pkg', 'pythonpath_develop')
[2.893s] INFO:colcon.colcon_core.shell:Creating environment hook '/home/piai/robot_ws_last/build/ocr_pkg/share/ocr_pkg/hook/pythonpath_develop.ps1'
[2.894s] INFO:colcon.colcon_core.shell:Creating environment descriptor '/home/piai/robot_ws_last/build/ocr_pkg/share/ocr_pkg/hook/pythonpath_develop.dsv'
[2.895s] INFO:colcon.colcon_core.shell:Creating environment hook '/home/piai/robot_ws_last/build/ocr_pkg/share/ocr_pkg/hook/pythonpath_develop.sh'
[2.896s] DEBUG:colcon.colcon_core.event_handler.log_command:Invoked command in '/home/piai/robot_ws_last/build/ocr_pkg' returned '0': PYTHONPATH=/home/piai/robot_ws_last/install/ocr_pkg/lib/python3.6/site-packages:${PYTHONPATH} /usr/bin/python3 setup.py develop --prefix /home/piai/robot_ws_last/install/ocr_pkg --editable --build-directory /home/piai/robot_ws_last/build/ocr_pkg/build --no-deps install_data --install-dir /home/piai/robot_ws_last/install/ocr_pkg
[2.897s] Level 1:colcon.colcon_core.environment:checking '/home/piai/robot_ws_last/install/ocr_pkg' for CMake module files
[2.897s] Level 1:colcon.colcon_core.environment:checking '/home/piai/robot_ws_last/install/ocr_pkg' for CMake config files
[2.898s] Level 1:colcon.colcon_core.environment:checking '/home/piai/robot_ws_last/install/ocr_pkg/lib'
[2.898s] Level 1:colcon.colcon_core.environment:checking '/home/piai/robot_ws_last/install/ocr_pkg/bin'
[2.898s] Level 1:colcon.colcon_core.environment:checking '/home/piai/robot_ws_last/install/ocr_pkg/lib/pkgconfig/ocr_pkg.pc'
[2.898s] Level 1:colcon.colcon_core.environment:checking '/home/piai/robot_ws_last/install/ocr_pkg/lib/python3.6/site-packages'
[2.899s] Level 1:colcon.colcon_core.shell:create_environment_hook('ocr_pkg', 'pythonpath')
[2.900s] INFO:colcon.colcon_core.shell:Creating environment hook '/home/piai/robot_ws_last/install/ocr_pkg/share/ocr_pkg/hook/pythonpath.ps1'
[2.900s] INFO:colcon.colcon_core.shell:Creating environment descriptor '/home/piai/robot_ws_last/install/ocr_pkg/share/ocr_pkg/hook/pythonpath.dsv'
[2.901s] INFO:colcon.colcon_core.shell:Creating environment hook '/home/piai/robot_ws_last/install/ocr_pkg/share/ocr_pkg/hook/pythonpath.sh'
[2.901s] Level 1:colcon.colcon_core.environment:create_environment_scripts_only(ocr_pkg)
[2.902s] INFO:colcon.colcon_core.shell:Creating package script '/home/piai/robot_ws_last/install/ocr_pkg/share/ocr_pkg/package.ps1'
[2.903s] INFO:colcon.colcon_core.shell:Creating package descriptor '/home/piai/robot_ws_last/install/ocr_pkg/share/ocr_pkg/package.dsv'
[2.903s] INFO:colcon.colcon_core.shell:Creating package script '/home/piai/robot_ws_last/install/ocr_pkg/share/ocr_pkg/package.sh'
[2.903s] INFO:colcon.colcon_core.shell:Creating package script '/home/piai/robot_ws_last/install/ocr_pkg/share/ocr_pkg/package.bash'
[2.904s] INFO:colcon.colcon_core.shell:Creating package script '/home/piai/robot_ws_last/install/ocr_pkg/share/ocr_pkg/package.zsh'
[2.904s] Level 1:colcon.colcon_core.environment:create_file_with_runtime_dependencies(/home/piai/robot_ws_last/install/ocr_pkg/share/colcon-core/packages/ocr_pkg)
[2.904s] DEBUG:colcon.colcon_parallel_executor.executor.parallel:closing loop
[2.905s] DEBUG:colcon.colcon_parallel_executor.executor.parallel:loop closed
[2.906s] DEBUG:colcon.colcon_parallel_executor.executor.parallel:run_until_complete finished with '0'
[2.906s] DEBUG:colcon.colcon_core.event_reactor:joining thread
[2.926s] INFO:colcon.colcon_core.plugin_system:Skipping extension 'colcon_notification.desktop_notification.terminal_notifier': Not used on non-Darwin systems
[2.926s] INFO:colcon.colcon_core.plugin_system:Skipping extension 'colcon_notification.desktop_notification.win32': Not used on non-Windows systems
[2.926s] INFO:colcon.colcon_notification.desktop_notification:Sending desktop notification using 'notify2'
[2.935s] DEBUG:colcon.colcon_core.event_reactor:joined thread
[2.936s] INFO:colcon.colcon_core.shell:Creating prefix script '/home/piai/robot_ws_last/install/local_setup.ps1'
[2.938s] INFO:colcon.colcon_core.shell:Creating prefix util module '/home/piai/robot_ws_last/install/_local_setup_util_ps1.py'
[2.942s] INFO:colcon.colcon_core.shell:Creating prefix chain script '/home/piai/robot_ws_last/install/setup.ps1'
[2.949s] INFO:colcon.colcon_core.shell:Creating prefix script '/home/piai/robot_ws_last/install/local_setup.sh'
[2.950s] INFO:colcon.colcon_core.shell:Creating prefix util module '/home/piai/robot_ws_last/install/_local_setup_util_sh.py'
[2.951s] INFO:colcon.colcon_core.shell:Creating prefix chain script '/home/piai/robot_ws_last/install/setup.sh'
[2.956s] INFO:colcon.colcon_core.shell:Creating prefix script '/home/piai/robot_ws_last/install/local_setup.bash'
[2.957s] INFO:colcon.colcon_core.shell:Creating prefix chain script '/home/piai/robot_ws_last/install/setup.bash'
[2.961s] INFO:colcon.colcon_core.shell:Creating prefix script '/home/piai/robot_ws_last/install/local_setup.zsh'
[2.961s] INFO:colcon.colcon_core.shell:Creating prefix chain script '/home/piai/robot_ws_last/install/setup.zsh'
